Log file open, 02/24/17 09:18:29
LogInit:Display: Running engine for game: TincleStarCollection
LogPlatformFile: Not using cached read wrapper
LogInit:Display: RandInit(-950387618) SRandInit(-950387618).
LogTaskGraph: Started task graph with 5 named threads and 8 total threads with 1 sets of task threads.
LogStats: Stats thread started at 0.125620
LogInit: Using libcurl 7.47.1
LogInit:  - built for x86_64-pc-win32
LogInit:  - supports SSL with OpenSSL/1.0.2g
LogInit:  - supports HTTP deflate (compression) using libz 1.2.8
LogInit:  - other features:
LogInit:      CURL_VERSION_SSL
LogInit:      CURL_VERSION_LIBZ
LogInit:      CURL_VERSION_IPV6
LogInit:      CURL_VERSION_ASYNCHDNS
LogInit:      CURL_VERSION_LARGEFILE
LogInit:      CURL_VERSION_IDN
LogInit:  CurlRequestOptions (configurable via config and command line):
LogInit:  - bVerifyPeer = false  - Libcurl will NOT verify peer certificate
LogInit:  - bUseHttpProxy = false  - Libcurl will NOT use HTTP proxy
LogInit:  - bDontReuseConnections = false  - Libcurl will reuse connections
LogInit:  - CertBundlePath = nullptr  - Libcurl will use whatever was configured at build time.
OCULUS: Info: [CAPI] LibOVR module is located at C:\Program Files\Oculus\Support\oculus-runtime\LibOVRRT64_1.dll
OCULUS: Debug: Connected to the server running version (prod = 1).1.11.0(build = 343615) feature version = 0. Client runs version (prod = 1).1.11.0(build = 343615) feature version = 0
OCULUS: Debug: [HMDState] Using default profile default
OCULUS: Info: IAD changed to 63.9mm
OCULUS: Debug: [SharedMemory] Creating factory
LogInit: Build: ++UE4+Release-4.15-CL-3299760
LogInit: Engine Version: 4.15.0-3299760+++UE4+Release-4.15
LogInit: Compatible Engine Version: 4.15.0-3299760+++UE4+Release-4.15
LogInit: Net CL: 3299760
LogDevObjectVersion: Number of dev versions registered: 14
LogDevObjectVersion:   Dev-Blueprints (B0D832E4-1F89-4F0D-ACCF-7EB736FD4AA2): 8
LogDevObjectVersion:   Dev-Build (E1C64328-A22C-4D53-A36C-8E866417BD8C): 0
LogDevObjectVersion:   Dev-Core (375EC13C-06E4-48FB-B500-84F0262A717E): 2
LogDevObjectVersion:   Dev-Editor (E4B068ED-F494-42E9-A231-DA0B2E46BB41): 14
LogDevObjectVersion:   Dev-Framework (CFFC743F-43B0-4480-9391-14DF171D2073): 22
LogDevObjectVersion:   Dev-Mobile (B02B49B5-BB20-44E9-A304-32B752E40360): 0
LogDevObjectVersion:   Dev-Networking (A4E4105C-59A1-49B5-A7C5-40C4547EDFEE): 0
LogDevObjectVersion:   Dev-Online (39C831C9-5AE6-47DC-9A44-9C173E1C8E7C): 0
LogDevObjectVersion:   Dev-Physics (78F01B33-EBEA-4F98-B9B4-84EACCB95AA2): 0
LogDevObjectVersion:   Dev-Platform (6631380F-2D4D-43E0-8009-CF276956A95A): 0
LogDevObjectVersion:   Dev-Rendering (12F88B9F-8875-4AFC-A67C-D90C383ABD29): 12
LogDevObjectVersion:   Dev-Sequencer (7B5AE74C-D270-4C10-A958-57980B212A5A): 3
LogDevObjectVersion:   Dev-VR (D7296918-1DD6-4BDD-9DE2-64A83CC13884): 0
LogDevObjectVersion:   Dev-LoadTimes (C2A15278-BFE7-4AFE-6C17-90FF531DF755): 1
LogInit: Compiled (64-bit): Feb 14 2017 02:04:14
LogInit: Compiled with Visual C++: 19.00.23026.00
LogInit: Build Configuration: Development
LogInit: Branch Name: ++UE4+Release-4.15
LogInit: Command line:  
LogInit: Base directory: D:/Program Files/Epic Games/UE_4.15/Engine/Binaries/Win64/
LogInit: Installed Engine Build: 1
LogInit: Presizing for max 8388607 objects, including 0 objects not considered by GC, pre-allocating 0 bytes for permanent pool.
LogInit: Object subsystem initialized
[2017.02.24-00.18.30:177][  0]LogInit: Selected Device Profile: [Windows]
[2017.02.24-00.18.30:177][  0]LogInit: Applying CVar settings loaded from the selected device profile: [Windows]
[2017.02.24-00.18.30:224][  0]LogInit: Computer: DESKTOP-TUHPJ9K
[2017.02.24-00.18.30:224][  0]LogInit: User: BelL
[2017.02.24-00.18.30:224][  0]LogInit: CPU Page size=65536, Cores=4
[2017.02.24-00.18.30:224][  0]LogInit: High frequency timer resolution =3.914062 MHz
[2017.02.24-00.18.30:225][  0]LogMemory: Memory total: Physical=15.9GB (16GB approx)
[2017.02.24-00.18.30:225][  0]LogMemory: Platform Memory Stats for Windows
[2017.02.24-00.18.30:225][  0]LogMemory: Process Physical Memory: 268.32 MB used, 268.32 MB peak
[2017.02.24-00.18.30:225][  0]LogMemory: Process Virtual Memory: 265.98 MB used, 265.98 MB peak
[2017.02.24-00.18.30:225][  0]LogMemory: Physical Memory: 4977.04 MB used,  11321.47 MB free, 16298.51 MB total
[2017.02.24-00.18.30:225][  0]LogMemory: Virtual Memory: 685.70 MB used,  11321.47 MB free, 134217728.00 MB total
[2017.02.24-00.18.30:557][  0]LogTextLocalizationManager: No specific translations for ('ja-JP') exist, so ('ja') translations will be used.
[2017.02.24-00.18.30:730][  0]LogTextLocalizationManager:Warning: Loaded localization resources contain conflicting entries for (Namespace:UObjectToolTips, Key:AnimNode_AssetPlayerBase:bIgnoreForRelevancyTest):
Localization Resource: (D:/Program Files/Epic Games/UE_4.15/Engine/Content/Localization/EditorTutorials/ja/EditorTutorials.locres) Source String Hash: (319969718) Localized String: (真の場合、Relevant anim ノードはアニメーションで最も高いウェイトのものを無視します。
このノード)
Localization Resource: (D:/Program Files/Epic Games/UE_4.15/Engine/Content/Localization/Engine/ja/Engine.locres) Source String Hash: (319969718) Localized String: (真の場合、アニメーションで最も高いウェイトのものを無視するRelevant anim ノードは
このノードを無視します)
[2017.02.24-00.18.30:730][  0]LogTextLocalizationManager:Warning: Loaded localization resources contain conflicting entries for (Namespace:UObjectToolTips, Key:AnimNode_BlendSpacePlayer:bLoop):
Localization Resource: (D:/Program Files/Epic Games/UE_4.15/Engine/Content/Localization/EditorTutorials/ja/EditorTutorials.locres) Source String Hash: (2133979316) Localized String: (再生が最後まで終わった後、ループ再生するようにしますか？)
Localization Resource: (D:/Program Files/Epic Games/UE_4.15/Engine/Content/Localization/ToolTips/ja/ToolTips.locres) Source String Hash: (2133979316) Localized String: (ループが最後まで到達した時に、アニメーションのループを継続するべきか？)
[2017.02.24-00.18.30:730][  0]LogTextLocalizationManager:Warning: Loaded localization resources contain conflicting entries for (Namespace:UObjectToolTips, Key:AnimNode_BlendSpacePlayer:X):
Localization Resource: (D:/Program Files/Epic Games/UE_4.15/Engine/Content/Localization/EditorTutorials/ja/EditorTutorials.locres) Source String Hash: (2060772590) Localized String: (ブレンドスペースで値を取得するX座標)
Localization Resource: (D:/Program Files/Epic Games/UE_4.15/Engine/Content/Localization/ToolTips/ja/ToolTips.locres) Source String Hash: (2060772590) Localized String: (ブレンドスペースでサンプリングするX座標)
[2017.02.24-00.18.30:730][  0]LogTextLocalizationManager:Warning: Loaded localization resources contain conflicting entries for (Namespace:UObjectToolTips, Key:AnimNode_BlendSpacePlayer:Y):
Localization Resource: (D:/Program Files/Epic Games/UE_4.15/Engine/Content/Localization/EditorTutorials/ja/EditorTutorials.locres) Source String Hash: (-1719607538) Localized String: (ブレンドスペースで値を取得するY座標)
Localization Resource: (D:/Program Files/Epic Games/UE_4.15/Engine/Content/Localization/ToolTips/ja/ToolTips.locres) Source String Hash: (-1719607538) Localized String: (ブレンドスペースでサンプリングするY座標)
[2017.02.24-00.18.30:730][  0]LogTextLocalizationManager:Warning: Loaded localization resources contain conflicting entries for (Namespace:UObjectToolTips, Key:AnimNode_BlendSpacePlayer:Z):
Localization Resource: (D:/Program Files/Epic Games/UE_4.15/Engine/Content/Localization/EditorTutorials/ja/EditorTutorials.locres) Source String Hash: (1728943471) Localized String: (ブレンドスペースで値を取得するZ座標)
Localization Resource: (D:/Program Files/Epic Games/UE_4.15/Engine/Content/Localization/ToolTips/ja/ToolTips.locres) Source String Hash: (1728943471) Localized String: (ブレンドスペースでサンプリングするZ座標)
[2017.02.24-00.18.30:730][  0]LogTextLocalizationManager:Warning: Loaded localization resources contain conflicting entries for (Namespace:UObjectToolTips, Key:AnimNode_BlendSpacePlayer:BlendSpace):
Localization Resource: (D:/Program Files/Epic Games/UE_4.15/Engine/Content/Localization/EditorTutorials/ja/EditorTutorials.locres) Source String Hash: (1599043277) Localized String: (再生するブレンドスペースのアセット)
Localization Resource: (D:/Program Files/Epic Games/UE_4.15/Engine/Content/Localization/ToolTips/ja/ToolTips.locres) Source String Hash: (1599043277) Localized String: (再生するブレンド空間アセット)
[2017.02.24-00.18.30:730][  0]LogTextLocalizationManager:Warning: Loaded localization resources contain conflicting entries for (Namespace:UObjectToolTips, Key:AnimNode_StateMachine:MaxTransitionsPerFrame):
Localization Resource: (D:/Program Files/Epic Games/UE_4.15/Engine/Content/Localization/EditorTutorials/ja/EditorTutorials.locres) Source String Hash: (1567650430) Localized String: (このマシーンで1フレームあたりに同時に処理できるトランジションの最大数)
Localization Resource: (D:/Program Files/Epic Games/UE_4.15/Engine/Content/Localization/ToolTips/ja/ToolTips.locres) Source String Hash: (1567650430) Localized String: (単一フレームでマシーンが「同時」に受け取れる遷移の最大数)
[2017.02.24-00.18.30:730][  0]LogTextLocalizationManager:Warning: Loaded localization resources contain conflicting entries for (Namespace:UObjectToolTips, Key:AnimNode_BlendSpacePlayer:PlayRate):
Localization Resource: (D:/Program Files/Epic Games/UE_4.15/Engine/Content/Localization/EditorTutorials/ja/EditorTutorials.locres) Source String Hash: (-1274923958) Localized String: (再生速度の倍率です。負の数値も使う事ができます。その場合逆再生になります。)
Localization Resource: (D:/Program Files/Epic Games/UE_4.15/Engine/Content/Localization/ToolTips/ja/ToolTips.locres) Source String Hash: (-1274923958) Localized String: (再生レート乗数。アニメーションを逆再生する負の値にすることができます。)
[2017.02.24-00.18.30:730][  0]LogTextLocalizationManager:Warning: Loaded localization resources contain conflicting entries for (Namespace:UObjectToolTips, Key:AnimNode_SequencePlayer:bLoopAnimation):
Localization Resource: (D:/Program Files/Epic Games/UE_4.15/Engine/Content/Localization/ToolTips/ja/ToolTips.locres) Source String Hash: (2133979316) Localized String: (ループが最後まで到達した時に、アニメーションのループを継続するべきか？)
Localization Resource: (D:/Program Files/Epic Games/UE_4.15/Engine/Content/Localization/Engine/ja/Engine.locres) Source String Hash: (2133979316) Localized String: (最後に到達した時にアニメーションのループを継続しますか？)
[2017.02.24-00.18.30:730][  0]LogTextLocalizationManager:Warning: Loaded localization resources contain conflicting entries for (Namespace:UObjectToolTips, Key:AnimNode_SequencePlayer:PlayRate):
Localization Resource: (D:/Program Files/Epic Games/UE_4.15/Engine/Content/Localization/ToolTips/ja/ToolTips.locres) Source String Hash: (-1274923958) Localized String: (再生レート乗数。アニメーションを逆再生する負の値にすることができます。)
Localization Resource: (D:/Program Files/Epic Games/UE_4.15/Engine/Content/Localization/Engine/ja/Engine.locres) Source String Hash: (-1274923958) Localized String: (再生速度の倍率です。負の数値も使う事ができます。その場合逆再生になります。)
[2017.02.24-00.18.32:299][  0]LogD3D11RHI: D3D11 adapters:
[2017.02.24-00.18.32:714][  0]LogD3D11RHI:    0. 'NVIDIA GeForce GTX 980 Ti' (Feature Level 11_0)
[2017.02.24-00.18.32:714][  0]LogD3D11RHI:       6102/0/8149 MB DedicatedVideo/DedicatedSystem/SharedSystem, Outputs:3, VendorId:0x10de
[2017.02.24-00.18.32:715][  0]LogD3D11RHI:    1. 'Microsoft Basic Render Driver' (Feature Level 11_0)
[2017.02.24-00.18.32:715][  0]LogD3D11RHI:       0/0/8149 MB DedicatedVideo/DedicatedSystem/SharedSystem, Outputs:0, VendorId:0x1414
[2017.02.24-00.18.32:715][  0]LogD3D11RHI: Chosen D3D11 Adapter: 0
[2017.02.24-00.18.32:718][  0]LogD3D11RHI: Creating new Direct3DDevice
[2017.02.24-00.18.32:718][  0]LogD3D11RHI:     GPU DeviceId: 0x17c8 (for the marketing name, search the web for "GPU Device Id")
[2017.02.24-00.18.32:718][  0]LogWindows: EnumDisplayDevices:
[2017.02.24-00.18.32:718][  0]LogWindows:    0. 'NVIDIA GeForce GTX 980 Ti' (P:1 D:1)
[2017.02.24-00.18.32:719][  0]LogWindows:    1. 'NVIDIA GeForce GTX 980 Ti' (P:0 D:1)
[2017.02.24-00.18.32:719][  0]LogWindows:    2. 'NVIDIA GeForce GTX 980 Ti' (P:0 D:1)
[2017.02.24-00.18.32:719][  0]LogWindows:    3. 'NVIDIA GeForce GTX 980 Ti' (P:0 D:0)
[2017.02.24-00.18.32:719][  0]LogWindows: DebugString: FoundDriverCount:4 
[2017.02.24-00.18.32:719][  0]LogD3D11RHI:     Adapter Name: NVIDIA GeForce GTX 980 Ti
[2017.02.24-00.18.32:719][  0]LogD3D11RHI:   Driver Version: 376.53 (internal:21.21.13.7653, unified:376.53)
[2017.02.24-00.18.32:719][  0]LogD3D11RHI:      Driver Date: 12-29-2016
[2017.02.24-00.18.32:719][  0]LogRHI: Texture pool is 1361 MB (70% of 1945 MB)
[2017.02.24-00.18.33:115][  0]LogD3D11RHI: Async texture creation enabled
[2017.02.24-00.18.33:150][  0]LogD3D11RHI: GPU Timing Frequency: 1000.000000 (Debug: 2 1)
[2017.02.24-00.18.33:300][  0]LogShaderCompilers: Guid format shader working directory is -51 characters bigger than the processId version (../../../../../../Users/BelL/Documents/OnGitProjects/TwinkleStarCollection/TincleStarCollection/Intermediate/Shaders/WorkingDirectory/16344/).
[2017.02.24-00.18.33:300][  0]LogShaderCompilers: Cleaned the shader compiler working directory 'C:/Users/BelL/AppData/Local/Temp/UnrealShaderWorkingDir/B979DE7A4D25F3DCDA9DE4BE889255C6/'.
[2017.02.24-00.18.33:300][  0]LogShaderCompilers:Display: Using Local Shader Compiler.
[2017.02.24-00.18.35:372][  0]LogTemp:Display: Loaded TP AllDesktopTargetPlatform
[2017.02.24-00.18.35:405][  0]LogTemp:Display: Loaded TP MacClientTargetPlatform
[2017.02.24-00.18.35:438][  0]LogTemp:Display: Loaded TP MacNoEditorTargetPlatform
[2017.02.24-00.18.35:472][  0]LogTemp:Display: Loaded TP MacServerTargetPlatform
[2017.02.24-00.18.35:513][  0]LogTemp:Display: Loaded TP MacTargetPlatform
[2017.02.24-00.18.35:545][  0]LogTemp:Display: Loaded TP WindowsClientTargetPlatform
[2017.02.24-00.18.35:577][  0]LogTemp:Display: Loaded TP WindowsNoEditorTargetPlatform
[2017.02.24-00.18.35:610][  0]LogTemp:Display: Loaded TP WindowsServerTargetPlatform
[2017.02.24-00.18.35:635][  0]LogTemp:Display: Loaded TP WindowsTargetPlatform
[2017.02.24-00.18.35:672][  0]LogTemp:Display: Loaded TP AndroidTargetPlatform
[2017.02.24-00.18.35:703][  0]LogTemp:Display: Loaded TP Android_ASTCTargetPlatform
[2017.02.24-00.18.35:735][  0]LogTemp:Display: Loaded TP Android_ATCTargetPlatform
[2017.02.24-00.18.35:767][  0]LogTemp:Display: Loaded TP Android_DXTTargetPlatform
[2017.02.24-00.18.35:800][  0]LogTemp:Display: Loaded TP Android_ETC1TargetPlatform
[2017.02.24-00.18.35:831][  0]LogTemp:Display: Loaded TP Android_ETC2TargetPlatform
[2017.02.24-00.18.35:897][  0]LogTemp:Display: Loaded TP Android_MultiTargetPlatform
[2017.02.24-00.18.35:897][  0]LogTemp:Display: Loaded TP Android_PVRTCTargetPlatform
[2017.02.24-00.18.35:917][  0]LogTemp:Display: Loaded TP HTML5TargetPlatform
[2017.02.24-00.18.36:017][  0]LogTemp:Display: Loaded TP IOSTargetPlatform
[2017.02.24-00.18.36:040][  0]LogTemp:Display: Loaded TP TVOSTargetPlatform
[2017.02.24-00.18.36:072][  0]LogTemp:Display: Loaded TP LinuxClientTargetPlatform
[2017.02.24-00.18.36:104][  0]LogTemp:Display: Loaded TP LinuxNoEditorTargetPlatform
[2017.02.24-00.18.36:137][  0]LogTemp:Display: Loaded TP LinuxServerTargetPlatform
[2017.02.24-00.18.36:172][  0]LogTemp:Display: Loaded TP LinuxTargetPlatform
[2017.02.24-00.18.36:172][  0]LogTargetPlatformManager:Display: Building Assets For Windows
[2017.02.24-00.18.36:783][  0]LogDerivedDataCache:Display: Max Cache Size: 512 MB
[2017.02.24-00.18.37:098][  0]LogDerivedDataCache: Loaded boot cache 0.32s 50MB C:/Users/BelL/AppData/Local/UnrealEngine/4.15/DerivedDataCache/Boot.ddc.
[2017.02.24-00.18.37:098][  0]LogDerivedDataCache:Display: Loaded Boot cache: C:/Users/BelL/AppData/Local/UnrealEngine/4.15/DerivedDataCache/Boot.ddc
[2017.02.24-00.18.37:098][  0]LogDerivedDataCache: FDerivedDataBackendGraph:  Pak pak cache file ../../../../../../Users/BelL/Documents/OnGitProjects/TwinkleStarCollection/TincleStarCollection/DerivedDataCache/DDC.ddp not found, will not use a pak cache.
[2017.02.24-00.18.37:098][  0]LogDerivedDataCache: Unable to find inner node Pak for hierarchical cache Hierarchy.
[2017.02.24-00.18.37:098][  0]LogDerivedDataCache: FDerivedDataBackendGraph:  CompressedPak pak cache file ../../../../../../Users/BelL/Documents/OnGitProjects/TwinkleStarCollection/TincleStarCollection/DerivedDataCache/Compressed.ddp not found, will not use a pak cache.
[2017.02.24-00.18.37:098][  0]LogDerivedDataCache: Unable to find inner node CompressedPak for hierarchical cache Hierarchy.
[2017.02.24-00.18.37:129][  0]LogDerivedDataCache:Display: Pak cache opened for reading ../../../Engine/DerivedDataCache/Compressed.ddp.
[2017.02.24-00.18.37:140][  0]LogDerivedDataCache: Using Local data cache path C:/Users/BelL/AppData/Local/UnrealEngine/Common/DerivedDataCache: Writable
[2017.02.24-00.18.37:147][  0]LogSlate: Using Freetype 2.6.0
[2017.02.24-00.18.37:165][  0]LogSlate: SlateFontCache - WITH_FREETYPE: 1, WITH_HARFBUZZ: 1
[2017.02.24-00.18.37:165][  0]LogSlate: SlateFontCache - WITH_FREETYPE: 1, WITH_HARFBUZZ: 1
[2017.02.24-00.18.40:838][  0]LogInit: Selected Device Profile: [Windows]
[2017.02.24-00.18.40:840][  0]LogContentStreaming: Texture pool size is 0.00 MB
[2017.02.24-00.18.40:988][  0]LogMeshUtilities: Using QuadricMeshReduction for automatic static mesh reduction
[2017.02.24-00.18.41:044][  0]LogSimplygon: Simplygon DLL not present - disabling.
[2017.02.24-00.18.41:068][  0]LogMeshUtilities: Using SimplygonSwarm for distributed automatic mesh merging
[2017.02.24-00.18.41:068][  0]LogMeshUtilities: No automatic skeletal mesh reduction module available
[2017.02.24-00.18.41:068][  0]LogMeshUtilities: No automatic mesh merging module available
[2017.02.24-00.18.41:984][  0]LogNetVersion: GetLocalNetworkVersion: CL: 3299760, ProjectName: tinclestarcollection, ProjectVersion: , EngineNetworkVersion: 2, GameNetworkVersion: 0, NetworkChecksum: 2208433454
[2017.02.24-00.18.42:018][  0]LogAssetRegistry: FAssetRegistry took 0.0212 seconds to start up
[2017.02.24-00.18.42:049][  0]LogPackageLocalizationCache: Processed 3 localized package path(s) for 2 prioritized culture(s) in 0.020741 seconds
[2017.02.24-00.18.42:054][  0]LogUObjectArray: 32475 objects as part of root set at end of initial load.
[2017.02.24-00.18.42:054][  0]LogUObjectAllocator: 7073360 out of 0 bytes used by permanent object pool.
[2017.02.24-00.18.42:054][  0]LogUObjectArray: CloseDisregardForGC: 0/0 objects in disregard for GC pool
[2017.02.24-00.18.42:087][  0]LogInit: WinSock: version 1.1 (2.2), MaxSocks=32767, MaxUdp=65467
[2017.02.24-00.18.49:541][  0]LogTcpMessaging: Initializing TcpMessaging bridge
[2017.02.24-00.18.49:568][  0]LogUdpMessaging: Initializing bridge on interface 0.0.0.0:0 to multicast group 230.0.0.1:6666.
[2017.02.24-00.18.49:973][  0]LogMaterial: Uniform references updated for custom material expression Custom.
[2017.02.24-00.18.50:250][  0]SourceControl: 情報 ソースコントロールは無効です
[2017.02.24-00.18.50:348][  0]SourceControl: 情報 ソースコントロールは無効です
[2017.02.24-00.18.50:373][  0]SourceControl: 情報 ソースコントロールは無効です
[2017.02.24-00.18.50:399][  0]SourceControl: 情報 ソースコントロールは無効です
[2017.02.24-00.18.51:273][  0]LogEngine: Initializing Engine...
[2017.02.24-00.18.51:273][  0]LogHMD: Oculus plugin initialized. Version: 4.15.0-3299760+++UE4+Release-4.15, LibOVR: 1.11.0, SDK: 1.10.0, built Feb 14 2017, 02:10:09
[2017.02.24-00.18.51:439][  0]OCULUS: Debug: [HMDState] Using default profile default
[2017.02.24-00.18.51:439][  0]OCULUS: Info: IAD changed to 63.9mm
[2017.02.24-00.18.51:507][  0]LogAIModule: Creating AISystem for world Untitled
[2017.02.24-00.18.51:515][  0]LogInit: XAudio2 using 'スピーカー (Realtek High Definition Audio)' : 2 channels at 48 kHz using 32 bits per sample (channel mask 0x3)
[2017.02.24-00.18.51:535][  0]LogInit: FAudioDevice initialized.
[2017.02.24-00.18.51:555][  0]LogDerivedDataCache: Saved boot cache 0.02s 50MB C:/Users/BelL/AppData/Local/UnrealEngine/4.15/DerivedDataCache/Boot.ddc.
[2017.02.24-00.18.51:561][  0]LogInit: Texture streaming: Enabled
[2017.02.24-00.18.51:616][  0]LogEngineSessionManager: EngineSessionManager initialized
[2017.02.24-00.18.51:670][  0]LogInit: Transaction tracking system initialized
[2017.02.24-00.18.51:855][  0]BlueprintLog: New page: エディタの読み込み
[2017.02.24-00.18.52:321][  0]LocalizationService: 情報 ローカライズのサービスが無効になりました
[2017.02.24-00.18.52:696][  0]LogConsoleResponse:Display: 
[2017.02.24-00.18.53:707][  0]LogCook:Display: Max memory allowance for cook 16384mb min free memory 0mb
[2017.02.24-00.18.53:707][  0]LogCook:Display: Mobile HDR setting 1
[2017.02.24-00.18.54:554][  0]LogFileCache: Scanning file cache for directory 'D:/Users/BelL/Documents/OnGitProjects/TwinkleStarCollection/TincleStarCollection/Content/' took 0.01s
[2017.02.24-00.18.54:591][  0]SourceControl: 情報 ソースコントロールは無効です
[2017.02.24-00.18.54:591][  0]Cmd: MAP LOAD FILE="../../../../../../Users/BelL/Documents/OnGitProjects/TwinkleStarCollection/TincleStarCollection/Content/GameMain.umap" TEMPLATE=0 SHOWPROGRESS=1 FEATURELEVEL=3
[2017.02.24-00.18.54:594][  0]LightingResults: New page: ライティングのビルド
[2017.02.24-00.18.54:615][  0]MapCheck: New page: マップをチェック
[2017.02.24-00.18.54:615][  0]LightingResults: New page: <何も選択されていません>
[2017.02.24-00.18.54:794][  0]LogBlueprint:Warning: [Compiler HMDLocomotionPawn] 警告  TeleportDirectionRight を取得  にインプット軸参照の不明な軸 'TeleportDirectionRight' を取得
[2017.02.24-00.18.54:794][  0]LogBlueprint:Warning: [Compiler HMDLocomotionPawn] 警告  TeleportDirectionUp を取得  にインプット軸参照の不明な軸 'TeleportDirectionUp' を取得
[2017.02.24-00.18.54:803][  0]LogBlueprint:Warning: [Compiler HMDLocomotionPawn] 警告 [0028.60] Compile of HMDLocomotionPawn successful, but with 2 Warning(s) [in 23 ms] (/Game/MazePlanet/BluePrints/HMDLocomotionPawn.HMDLocomotionPawn)
[2017.02.24-00.18.54:804][  0]LogBlueprint:Warning: [Compiler HMDLocomotionPawn] 警告 [0028.60] Compile of HMDLocomotionPawn successful, but with 3 Warning(s) [in 0 ms] (/Game/MazePlanet/BluePrints/HMDLocomotionPawn.HMDLocomotionPawn)
[2017.02.24-00.18.54:804][  0]LogBlueprint:Warning: [Compiler HMDLocomotionPawn] 警告 [0028.60] Compile of HMDLocomotionPawn successful, but with 4 Warning(s) [in 0 ms] (/Game/MazePlanet/BluePrints/HMDLocomotionPawn.HMDLocomotionPawn)
[2017.02.24-00.18.54:826][  0]LogBlueprint:Warning: [Compiler HMDLocomotionPawn] 警告  TeleportDirectionRight を取得  にインプット軸参照の不明な軸 'TeleportDirectionRight' を取得
[2017.02.24-00.18.54:826][  0]LogBlueprint:Warning: [Compiler HMDLocomotionPawn] 警告  TeleportDirectionUp を取得  にインプット軸参照の不明な軸 'TeleportDirectionUp' を取得
[2017.02.24-00.18.54:836][  0]LogBlueprint:Warning: [Compiler HMDLocomotionPawn] 警告 [0028.63] Compile of HMDLocomotionPawn successful, but with 2 Warning(s) [in 22 ms] (/Game/MazePlanet/BluePrints/HMDLocomotionPawn.HMDLocomotionPawn)
[2017.02.24-00.18.54:836][  0]LogBlueprint:Warning: [Compiler HMDLocomotionPawn] 警告 [0028.63] Compile of HMDLocomotionPawn successful, but with 3 Warning(s) [in 0 ms] (/Game/MazePlanet/BluePrints/HMDLocomotionPawn.HMDLocomotionPawn)
[2017.02.24-00.18.54:836][  0]LogBlueprint:Warning: [Compiler HMDLocomotionPawn] 警告 [0028.63] Compile of HMDLocomotionPawn successful, but with 4 Warning(s) [in 0 ms] (/Game/MazePlanet/BluePrints/HMDLocomotionPawn.HMDLocomotionPawn)
[2017.02.24-00.18.55:753][  0]LogClass:Warning: Enum '/Game/MazePlanet/BluePrints/MainGameScene/InGameState.InGameState' was upgraded to use FText to store its display name data. Please re-save this asset to avoid issues with localization and determinstic cooking.
[2017.02.24-00.18.55:990][  0]LogAIModule: Creating AISystem for world GameMain
[2017.02.24-00.18.56:011][  0]LogEditorServer: Finished looking for orphan Actors (0.000 secs)
[2017.02.24-00.18.56:011][  0]Cmd: MAP CHECKDEP NOCLEARLOG
[2017.02.24-00.18.56:038][  0]MapCheck: 情報 マップチェックが完了: 0 エラー、 0 警告、完了に 26.558ミリ秒かかりました。
[2017.02.24-00.18.56:038][  0]LogFileHelpers: Loading map 'GameMain' took 1.447
[2017.02.24-00.18.56:126][  0]LogWindowsTextInputMethodSystem:Display: IME system now activated using TSF (Microsoft IME).
[2017.02.24-00.18.56:256][  0]LogCollectionManager: Loaded 0 collections in 0.000654 seconds
[2017.02.24-00.18.56:325][  0]LogFileCache: Scanning file cache for directory 'D:/Users/BelL/Documents/OnGitProjects/TwinkleStarCollection/TincleStarCollection/Saved/Collections/' took 0.01s
[2017.02.24-00.18.56:325][  0]LogFileCache: Scanning file cache for directory 'D:/Users/BelL/Documents/OnGitProjects/TwinkleStarCollection/TincleStarCollection/Content/Developers/BelL/Collections/' took 0.01s
[2017.02.24-00.18.56:325][  0]LogFileCache: Scanning file cache for directory 'D:/Users/BelL/Documents/OnGitProjects/TwinkleStarCollection/TincleStarCollection/Content/Collections/' took 0.01s
[2017.02.24-00.18.56:325][  0]LogCollectionManager: Rebuilt the GUID cache for 0 collections in 0.000001 seconds
[2017.02.24-00.18.56:332][  0]LogContentBrowser: Native class hierarchy populated in 0.0065 seconds. Added 2244 classes and 450 folders.
[2017.02.24-00.18.56:335][  0]LogStats: UGameplayTagsManager::ConstructGameplayTagTree: Construct from data asset -  0.000 s
[2017.02.24-00.18.56:335][  0]LogStats: UGameplayTagsManager::ConstructGameplayTagTree: GameplayTagTreeChangedEvent.Broadcast -  0.000 s
[2017.02.24-00.18.56:368][  0]LogContentBrowser: Native class hierarchy updated for 'WidgetCarousel' in 0.0005 seconds. Added 0 classes and 0 folders.
[2017.02.24-00.18.57:229][  0]LogContentBrowser: Native class hierarchy updated for 'AddContentDialog' in 0.0004 seconds. Added 0 classes and 0 folders.
[2017.02.24-00.18.57:254][  0]LogContentBrowser: Native class hierarchy updated for 'SceneOutliner' in 0.0004 seconds. Added 1 classes and 2 folders.
[2017.02.24-00.18.57:359][  0]LogCrashTracker: Crashtracker disabled due to settings.
[2017.02.24-00.18.57:366][  0]LogUObjectGlobals:Warning: オブジェクト 'Class なし.' が見つかりませんでした
[2017.02.24-00.18.57:413][  0]LogContentBrowser: Native class hierarchy updated for 'HierarchicalLODOutliner' in 0.0004 seconds. Added 1 classes and 2 folders.
[2017.02.24-00.18.57:413][  0]LogLoad: (Engine Initialization) Total time: 31.21 seconds
[2017.02.24-00.18.57:413][  0]LogLoad: (Engine Initialization) Total Blueprint compile time: 0.35 seconds
[2017.02.24-00.18.57:413][  0]LogExternalProfiler: Found external profiler: VSPerf
[2017.02.24-00.18.57:413][  0]LogExternalProfiler: Using external profiler: VSPerf
[2017.02.24-00.18.57:425][  0]LogOcInput: OculusInput pre-init called
[2017.02.24-00.18.57:434][  0]LogOcInput: OculusInput is initialized. Init status 0. Runtime version: 1.11.0
[2017.02.24-00.18.57:448][  0]LogAssetRegistry: Asset discovery search completed in 15.4513 seconds
[2017.02.24-00.18.57:448][  0]LogCollectionManager: Rebuilt the object cache for 0 collections in 0.000002 seconds (found 0 objects)
[2017.02.24-00.18.57:448][  0]LogCollectionManager: Fixed up redirectors for 0 collections in 0.000013 seconds (updated 0 objects)
[2017.02.24-00.18.57:453][  0]LogContentStreaming: Texture pool size now 1000 MB
[2017.02.24-00.18.57:502][  0]LogSlate: Took 0.041273 seconds to synchronously load lazily loaded font '../../../Engine/Content/Slate/Fonts/Roboto-Regular.ttf' (155K)
[2017.02.24-00.18.57:554][  0]LogSlate: Took 0.050273 seconds to synchronously load lazily loaded font '../../../Engine/Content/Slate/Fonts/DroidSansFallback.ttf' (3848K)
[2017.02.24-00.18.57:567][  0]LogSlate: Took 0.011410 seconds to synchronously load lazily loaded font '../../../Engine/Content/Slate/Fonts/Roboto-Bold.ttf' (160K)
[2017.02.24-00.18.57:589][  0]LogSlate: Took 0.018316 seconds to synchronously load lazily loaded font '../../../Engine/Content/Editor/Slate/Fonts/FontAwesome.ttf' (139K)
[2017.02.24-00.18.57:755][  0]LogSlate: Took 0.010032 seconds to synchronously load lazily loaded font '../../../Engine/Content/Slate/Fonts/Roboto-Light.ttf' (159K)
[2017.02.24-00.18.57:800][  1]LogRenderer: Reallocating scene render targets to support 812x332 NumSamples 1 (Frame:2).
[2017.02.24-00.18.58:451][ 60]LogSlate: Took 0.000166 seconds to synchronously load lazily loaded font '../../../Engine/Content/Slate/Fonts/Roboto-Light.ttf' (159K)
[2017.02.24-00.19.01:228][140]LogSlate: Took 0.000114 seconds to synchronously load lazily loaded font '../../../Engine/Content/Slate/Fonts/Roboto-Light.ttf' (159K)
[2017.02.24-00.19.01:618][140]LogContentBrowser: Native class hierarchy updated for 'BlueprintGraph' in 0.0007 seconds. Added 112 classes and 0 folders.
[2017.02.24-00.19.02:486][140]LogSlate: Took 0.014427 seconds to synchronously load lazily loaded font '../../../Engine/Content/Editor/Slate/Fonts/Roboto-BoldCondensed.ttf' (158K)
[2017.02.24-00.19.07:528][686]LogSlate: Took 0.014740 seconds to synchronously load lazily loaded font '../../../Engine/Content/Editor/Slate/Fonts/Roboto-Italic.ttf' (157K)
[2017.02.24-00.34.12:734][433]LogFileHelpers: Editor autosave (incl. sublevels) for '/Game/GameMain' took 0.036
[2017.02.24-00.34.12:736][433]OBJ SavePackage: Generating thumbnails for [1] asset(s) in package [/Game/MazePlanet/BluePrints/Room] ([1] browsable assets)...
[2017.02.24-00.34.12:750][433]OBJ SavePackage:     Rendered thumbnail for [Blueprint /Game/MazePlanet/BluePrints/Room.Room]
[2017.02.24-00.34.12:750][433]OBJ SavePackage: Finished generating thumbnails for package [/Game/MazePlanet/BluePrints/Room]
[2017.02.24-00.34.12:794][433]LogSavePackage: Save=38.13ms
[2017.02.24-00.34.12:794][433]LogSavePackage: Moving '../../../../../../Users/BelL/Documents/OnGitProjects/TwinkleStarCollection/TincleStarCollection/Saved/Room_Auto1C958935D483C315F0B374080DBCC4EA1.tmp' to '../../../../../../Users/BelL/Documents/OnGitProjects/TwinkleStarCollection/TincleStarCollection/Saved/Autosaves/Game/MazePlanet/BluePrints/Room_Auto1.uasset'
[2017.02.24-00.34.12:804][433]LogSavePackage:Display: Finished SavePackage ../../../../../../Users/BelL/Documents/OnGitProjects/TwinkleStarCollection/TincleStarCollection/Saved/Autosaves/Game/MazePlanet/BluePrints/Room_Auto1.uasset
[2017.02.24-00.34.12:804][433]LogFileHelpers: Auto-saving content packages took 0.070
[2017.02.24-00.44.13:587][599]LogFileHelpers: Editor autosave (incl. sublevels) for '/Game/GameMain' took 0.014
[2017.02.24-00.44.13:588][599]OBJ SavePackage: Generating thumbnails for [1] asset(s) in package [/Game/MazePlanet/BluePrints/Room] ([1] browsable assets)...
[2017.02.24-00.44.13:601][599]OBJ SavePackage:     Rendered thumbnail for [Blueprint /Game/MazePlanet/BluePrints/Room.Room]
[2017.02.24-00.44.13:601][599]OBJ SavePackage: Finished generating thumbnails for package [/Game/MazePlanet/BluePrints/Room]
[2017.02.24-00.44.13:636][599]LogSavePackage: Save=29.84ms
[2017.02.24-00.44.13:636][599]LogSavePackage: Moving '../../../../../../Users/BelL/Documents/OnGitProjects/TwinkleStarCollection/TincleStarCollection/Saved/Room_Auto29586C60A4FFBD74375CA29B62BFF2647.tmp' to '../../../../../../Users/BelL/Documents/OnGitProjects/TwinkleStarCollection/TincleStarCollection/Saved/Autosaves/Game/MazePlanet/BluePrints/Room_Auto2.uasset'
[2017.02.24-00.44.13:636][599]LogSavePackage:Display: Finished SavePackage ../../../../../../Users/BelL/Documents/OnGitProjects/TwinkleStarCollection/TincleStarCollection/Saved/Autosaves/Game/MazePlanet/BluePrints/Room_Auto2.uasset
[2017.02.24-00.44.13:636][599]LogFileHelpers: Auto-saving content packages took 0.049
[2017.02.24-01.57.44:552][175]LogFileHelpers: Editor autosave (incl. sublevels) for '/Game/GameMain' took 0.014
[2017.02.24-01.57.44:553][175]OBJ SavePackage: Generating thumbnails for [1] asset(s) in package [/Game/MazePlanet/BluePrints/Room] ([1] browsable assets)...
[2017.02.24-01.57.44:563][175]OBJ SavePackage:     Rendered thumbnail for [Blueprint /Game/MazePlanet/BluePrints/Room.Room]
[2017.02.24-01.57.44:563][175]OBJ SavePackage: Finished generating thumbnails for package [/Game/MazePlanet/BluePrints/Room]
[2017.02.24-01.57.44:604][175]LogSavePackage: Save=30.96ms
[2017.02.24-01.57.44:604][175]LogSavePackage: Moving '../../../../../../Users/BelL/Documents/OnGitProjects/TwinkleStarCollection/TincleStarCollection/Saved/Room_Auto3FA0FA6974AEC0329FC3798924F6B8F34.tmp' to '../../../../../../Users/BelL/Documents/OnGitProjects/TwinkleStarCollection/TincleStarCollection/Saved/Autosaves/Game/MazePlanet/BluePrints/Room_Auto3.uasset'
[2017.02.24-01.57.44:604][175]LogSavePackage:Display: Finished SavePackage ../../../../../../Users/BelL/Documents/OnGitProjects/TwinkleStarCollection/TincleStarCollection/Saved/Autosaves/Game/MazePlanet/BluePrints/Room_Auto3.uasset
[2017.02.24-01.57.44:604][175]LogFileHelpers: Auto-saving content packages took 0.052
[2017.02.24-02.57.36:348][432]LogFileHelpers: Editor autosave (incl. sublevels) for '/Game/GameMain' took 0.068
[2017.02.24-02.57.36:350][432]OBJ SavePackage: Generating thumbnails for [0] asset(s) in package [/Game/MazePlanet/BluePrints/Room] ([1] browsable assets)...
[2017.02.24-02.57.36:350][432]OBJ SavePackage: Finished generating thumbnails for package [/Game/MazePlanet/BluePrints/Room]
[2017.02.24-02.57.36:385][432]LogSavePackage: Save=29.27ms
[2017.02.24-02.57.36:385][432]LogSavePackage: Moving '../../../../../../Users/BelL/Documents/OnGitProjects/TwinkleStarCollection/TincleStarCollection/Saved/Room_Auto4E5D11C1B4E426851622262A913D88D41.tmp' to '../../../../../../Users/BelL/Documents/OnGitProjects/TwinkleStarCollection/TincleStarCollection/Saved/Autosaves/Game/MazePlanet/BluePrints/Room_Auto4.uasset'
[2017.02.24-02.57.36:405][432]LogSavePackage:Display: Finished SavePackage ../../../../../../Users/BelL/Documents/OnGitProjects/TwinkleStarCollection/TincleStarCollection/Saved/Autosaves/Game/MazePlanet/BluePrints/Room_Auto4.uasset
[2017.02.24-02.57.36:405][432]LogFileHelpers: Auto-saving content packages took 0.057
[2017.02.24-03.07.37:162][480]LogFileHelpers: Editor autosave (incl. sublevels) for '/Game/GameMain' took 0.016
[2017.02.24-03.07.37:163][480]OBJ SavePackage: Generating thumbnails for [1] asset(s) in package [/Game/MazePlanet/BluePrints/Room] ([1] browsable assets)...
[2017.02.24-03.07.37:175][480]OBJ SavePackage:     Rendered thumbnail for [Blueprint /Game/MazePlanet/BluePrints/Room.Room]
[2017.02.24-03.07.37:175][480]OBJ SavePackage: Finished generating thumbnails for package [/Game/MazePlanet/BluePrints/Room]
[2017.02.24-03.07.37:223][480]LogSavePackage: Save=42.37ms
[2017.02.24-03.07.37:223][480]LogSavePackage: Moving '../../../../../../Users/BelL/Documents/OnGitProjects/TwinkleStarCollection/TincleStarCollection/Saved/Room_Auto5E3ADAED641A44CA6674B6F9F214646F5.tmp' to '../../../../../../Users/BelL/Documents/OnGitProjects/TwinkleStarCollection/TincleStarCollection/Saved/Autosaves/Game/MazePlanet/BluePrints/Room_Auto5.uasset'
[2017.02.24-03.07.37:232][480]LogSavePackage:Display: Finished SavePackage ../../../../../../Users/BelL/Documents/OnGitProjects/TwinkleStarCollection/TincleStarCollection/Saved/Autosaves/Game/MazePlanet/BluePrints/Room_Auto5.uasset
[2017.02.24-03.07.37:232][480]LogFileHelpers: Auto-saving content packages took 0.069
[2017.02.24-03.31.31:428][552]LogFileHelpers: Editor autosave (incl. sublevels) for '/Game/GameMain' took 0.014
[2017.02.24-03.31.31:430][552]OBJ SavePackage: Generating thumbnails for [1] asset(s) in package [/Game/MazePlanet/BluePrints/Room] ([1] browsable assets)...
[2017.02.24-03.31.31:440][552]OBJ SavePackage:     Rendered thumbnail for [Blueprint /Game/MazePlanet/BluePrints/Room.Room]
[2017.02.24-03.31.31:440][552]OBJ SavePackage: Finished generating thumbnails for package [/Game/MazePlanet/BluePrints/Room]
[2017.02.24-03.31.31:479][552]LogSavePackage: Save=33.30ms
[2017.02.24-03.31.31:479][552]LogSavePackage: Moving '../../../../../../Users/BelL/Documents/OnGitProjects/TwinkleStarCollection/TincleStarCollection/Saved/Room_Auto621BE1E564F7FDCA101EA519702F3E399.tmp' to '../../../../../../Users/BelL/Documents/OnGitProjects/TwinkleStarCollection/TincleStarCollection/Saved/Autosaves/Game/MazePlanet/BluePrints/Room_Auto6.uasset'
[2017.02.24-03.31.31:513][552]LogSavePackage:Display: Finished SavePackage ../../../../../../Users/BelL/Documents/OnGitProjects/TwinkleStarCollection/TincleStarCollection/Saved/Autosaves/Game/MazePlanet/BluePrints/Room_Auto6.uasset
[2017.02.24-03.31.31:513][552]LogFileHelpers: Auto-saving content packages took 0.084
[2017.02.24-03.31.32:107][621]BlueprintLog: New page: Room をコンパイル
[2017.02.24-03.31.40:494][421]BlueprintLog: New page: Room をコンパイル
[2017.02.24-03.31.40:673][421]LogSavePackage: Save=30.75ms
[2017.02.24-03.31.40:673][421]LogSavePackage: Moving '../../../../../../Users/BelL/Documents/OnGitProjects/TwinkleStarCollection/TincleStarCollection/Saved/Room3355A9414E037999CE8AAD960E346FAA.tmp' to '../../../../../../Users/BelL/Documents/OnGitProjects/TwinkleStarCollection/TincleStarCollection/Content/MazePlanet/BluePrints/Room.uasset'
[2017.02.24-03.31.40:686][421]LogSavePackage:Display: Finished SavePackage ../../../../../../Users/BelL/Documents/OnGitProjects/TwinkleStarCollection/TincleStarCollection/Content/MazePlanet/BluePrints/Room.uasset
[2017.02.24-03.31.44:138][580]LogSavePackage: Save=24.37ms
[2017.02.24-03.31.44:138][580]LogSavePackage: Moving '../../../../../../Users/BelL/Documents/OnGitProjects/TwinkleStarCollection/TincleStarCollection/Saved/Room7568BCDF42B1743E4291918B4FB9D0CE.tmp' to '../../../../../../Users/BelL/Documents/OnGitProjects/TwinkleStarCollection/TincleStarCollection/Content/MazePlanet/BluePrints/Room.uasset'
[2017.02.24-03.31.44:138][580]LogSavePackage:Display: Finished SavePackage ../../../../../../Users/BelL/Documents/OnGitProjects/TwinkleStarCollection/TincleStarCollection/Content/MazePlanet/BluePrints/Room.uasset
[2017.02.24-04.48.11:160][524]LogFileHelpers: Editor autosave (incl. sublevels) for '/Game/GameMain' took 0.048
[2017.02.24-04.48.11:162][524]OBJ SavePackage: Generating thumbnails for [1] asset(s) in package [/Game/MazePlanet/BluePrints/Room] ([1] browsable assets)...
[2017.02.24-04.48.11:175][524]OBJ SavePackage:     Rendered thumbnail for [Blueprint /Game/MazePlanet/BluePrints/Room.Room]
[2017.02.24-04.48.11:175][524]OBJ SavePackage: Finished generating thumbnails for package [/Game/MazePlanet/BluePrints/Room]
[2017.02.24-04.48.11:234][524]LogSavePackage: Save=44.33ms
[2017.02.24-04.48.11:234][524]LogSavePackage: Moving '../../../../../../Users/BelL/Documents/OnGitProjects/TwinkleStarCollection/TincleStarCollection/Saved/Room_Auto734FB7B01483539C9EAE038847FA83BE6.tmp' to '../../../../../../Users/BelL/Documents/OnGitProjects/TwinkleStarCollection/TincleStarCollection/Saved/Autosaves/Game/MazePlanet/BluePrints/Room_Auto7.uasset'
[2017.02.24-04.48.11:263][524]LogSavePackage:Display: Finished SavePackage ../../../../../../Users/BelL/Documents/OnGitProjects/TwinkleStarCollection/TincleStarCollection/Saved/Autosaves/Game/MazePlanet/BluePrints/Room_Auto7.uasset
[2017.02.24-04.48.11:263][524]LogFileHelpers: Auto-saving content packages took 0.102
[2017.02.24-04.58.12:063][663]LogFileHelpers: Editor autosave (incl. sublevels) for '/Game/GameMain' took 0.021
[2017.02.24-04.58.12:064][663]OBJ SavePackage: Generating thumbnails for [1] asset(s) in package [/Game/MazePlanet/BluePrints/Room] ([1] browsable assets)...
[2017.02.24-04.58.12:076][663]OBJ SavePackage:     Rendered thumbnail for [Blueprint /Game/MazePlanet/BluePrints/Room.Room]
[2017.02.24-04.58.12:076][663]OBJ SavePackage: Finished generating thumbnails for package [/Game/MazePlanet/BluePrints/Room]
[2017.02.24-04.58.12:123][663]LogSavePackage: Save=38.88ms
[2017.02.24-04.58.12:123][663]LogSavePackage: Moving '../../../../../../Users/BelL/Documents/OnGitProjects/TwinkleStarCollection/TincleStarCollection/Saved/Room_Auto8C2514F6D41904EB3EB6B7783B21D7EFE.tmp' to '../../../../../../Users/BelL/Documents/OnGitProjects/TwinkleStarCollection/TincleStarCollection/Saved/Autosaves/Game/MazePlanet/BluePrints/Room_Auto8.uasset'
[2017.02.24-04.58.12:124][663]LogSavePackage:Display: Finished SavePackage ../../../../../../Users/BelL/Documents/OnGitProjects/TwinkleStarCollection/TincleStarCollection/Saved/Autosaves/Game/MazePlanet/BluePrints/Room_Auto8.uasset
[2017.02.24-04.58.12:124][663]LogFileHelpers: Auto-saving content packages took 0.060
[2017.02.24-06.56.32:298][662]BlueprintLog: New page: Room をコンパイル
[2017.02.24-06.56.32:544][662]LogSavePackage: Save=46.00ms
[2017.02.24-06.56.32:544][662]LogSavePackage: Moving '../../../../../../Users/BelL/Documents/OnGitProjects/TwinkleStarCollection/TincleStarCollection/Saved/Room1CD4AC3740200964EFC3538AD4AC29B6.tmp' to '../../../../../../Users/BelL/Documents/OnGitProjects/TwinkleStarCollection/TincleStarCollection/Content/MazePlanet/BluePrints/Room.uasset'
[2017.02.24-06.56.32:547][662]LogSavePackage:Display: Finished SavePackage ../../../../../../Users/BelL/Documents/OnGitProjects/TwinkleStarCollection/TincleStarCollection/Content/MazePlanet/BluePrints/Room.uasset
[2017.02.24-06.57.33:458][571]LogFileHelpers: Editor autosave (incl. sublevels) for '/Game/GameMain' took 0.014
[2017.02.24-06.57.33:459][571]OBJ SavePackage: Generating thumbnails for [1] asset(s) in package [/Game/MazePlanet/BluePrints/Room] ([1] browsable assets)...
[2017.02.24-06.57.33:469][571]OBJ SavePackage:     Rendered thumbnail for [Blueprint /Game/MazePlanet/BluePrints/Room.Room]
[2017.02.24-06.57.33:469][571]OBJ SavePackage: Finished generating thumbnails for package [/Game/MazePlanet/BluePrints/Room]
[2017.02.24-06.57.33:506][571]LogSavePackage: Save=33.82ms
[2017.02.24-06.57.33:506][571]LogSavePackage: Moving '../../../../../../Users/BelL/Documents/OnGitProjects/TwinkleStarCollection/TincleStarCollection/Saved/Room_Auto9D76E22BE418A7F79D8638E8CB1E4F591.tmp' to '../../../../../../Users/BelL/Documents/OnGitProjects/TwinkleStarCollection/TincleStarCollection/Saved/Autosaves/Game/MazePlanet/BluePrints/Room_Auto9.uasset'
[2017.02.24-06.57.33:529][571]LogSavePackage:Display: Finished SavePackage ../../../../../../Users/BelL/Documents/OnGitProjects/TwinkleStarCollection/TincleStarCollection/Saved/Autosaves/Game/MazePlanet/BluePrints/Room_Auto9.uasset
[2017.02.24-06.57.33:529][571]LogFileHelpers: Auto-saving content packages took 0.071
[2017.02.24-07.07.02:529][207]BlueprintLog: New page: Room をコンパイル
[2017.02.24-07.07.02:713][207]LogSavePackage: Save=34.50ms
[2017.02.24-07.07.02:713][207]LogSavePackage: Moving '../../../../../../Users/BelL/Documents/OnGitProjects/TwinkleStarCollection/TincleStarCollection/Saved/Room062E52244F876B715EB04AA615F72E96.tmp' to '../../../../../../Users/BelL/Documents/OnGitProjects/TwinkleStarCollection/TincleStarCollection/Content/MazePlanet/BluePrints/Room.uasset'
[2017.02.24-07.07.02:714][207]LogSavePackage:Display: Finished SavePackage ../../../../../../Users/BelL/Documents/OnGitProjects/TwinkleStarCollection/TincleStarCollection/Content/MazePlanet/BluePrints/Room.uasset
[2017.02.24-07.07.10:784][634]LogRenderer: Reallocating scene render targets to support 1208x560 NumSamples 1 (Frame:249857).
[2017.02.24-07.07.16:979][289]LogBlueprintUserMessages: Early PlayInEditor Detection: Level '/Game/GameMain.GameMain:PersistentLevel' has LevelScriptBlueprint '/Game/GameMain.GameMain:PersistentLevel.GameMain' with GeneratedClass '/Game/GameMain.GameMain_C' with ClassGeneratedBy '/Game/GameMain.GameMain:PersistentLevel.GameMain'
[2017.02.24-07.07.16:987][289]LogPlayLevel: PlayLevel: No blueprints needed recompiling
[2017.02.24-07.07.17:046][289]OCULUS: Debug: [HMDState] Using default profile default
[2017.02.24-07.07.17:046][289]OCULUS: Info: IAD changed to 63.9mm
[2017.02.24-07.07.17:046][289]LogHMD: New ovr session is created
[2017.02.24-07.07.17:047][289]LogHMD: HMD Oculus Rift CV1, res = 2160 x 1200
[2017.02.24-07.07.17:154][289]PIE: New page: PIEセッション: GameMain (2017/02/25 1:07:17)
[2017.02.24-07.07.17:170][289]LogPlayLevel: Creating play world package: /Game/UEDPIE_0_GameMain
[2017.02.24-07.07.17:240][289]LogPlayLevel: PIE: StaticDuplicateObject took: (0.070269s)
[2017.02.24-07.07.17:241][289]LogAIModule: Creating AISystem for world GameMain
[2017.02.24-07.07.17:241][289]LogPlayLevel: PIE: World Init took: (0.001171s)
[2017.02.24-07.07.17:251][289]LogPlayLevel: PIE: Created PIE world by copying editor world from /Game/GameMain.GameMain to /Game/UEDPIE_0_GameMain.GameMain (0.089513s)
[2017.02.24-07.07.17:298][289]LogInit: XAudio2 using 'スピーカー (Realtek High Definition Audio)' : 2 channels at 48 kHz using 32 bits per sample (channel mask 0x3)
[2017.02.24-07.07.17:315][289]LogInit: FAudioDevice initialized.
[2017.02.24-07.07.17:476][289]LogLoad: Game class is 'GameModeBase'
[2017.02.24-07.07.17:596][289]LogWorld: Bringing World /Game/UEDPIE_0_GameMain.GameMain up for play (max tick rate 0) at 2017.02.24-16.07.17
[2017.02.24-07.07.17:698][289]LogWorld: Bringing up level for play took: 0.117428
[2017.02.24-07.07.18:874][289]LogContentBrowser: Native class hierarchy updated for 'MovieSceneCapture' in 0.0009 seconds. Added 11 classes and 0 folders.
[2017.02.24-07.07.18:965][289]Cmd: hmd pd 0.9
[2017.02.24-07.07.19:118][289]LogScript:Warning: Accessed None trying to read property PlanetActor
	TwincleStar_C /Game/UEDPIE_0_GameMain.GameMain:PersistentLevel.TwincleStar_C_0
	Function /Game/MazePlanet/BluePrints/TwincleStar.TwincleStar_C:ExecuteUbergraph_TwincleStar:05BC
[2017.02.24-07.07.19:118][289]PIE:Error: エラー Blueprint Runtime Error: Accessed None trying to read property PlanetActor from function: 'ExecuteUbergraph_TwincleStar' from node: SetActorLocation in graph: SpawnStar in object: TwincleStar with description: Accessed None trying to read property PlanetActor
[2017.02.24-07.07.19:151][289]LogScript:Warning: Accessed None trying to read property PlanetActor
	TwincleStar_C /Game/UEDPIE_0_GameMain.GameMain:PersistentLevel.TwincleStar_C_1
	Function /Game/MazePlanet/BluePrints/TwincleStar.TwincleStar_C:ExecuteUbergraph_TwincleStar:05BC
[2017.02.24-07.07.19:151][289]PIE:Error: エラー Blueprint Runtime Error: Accessed None trying to read property PlanetActor from function: 'ExecuteUbergraph_TwincleStar' from node: SetActorLocation in graph: SpawnStar in object: TwincleStar with description: Accessed None trying to read property PlanetActor
[2017.02.24-07.07.19:151][289]LogScript:Warning: Accessed None trying to read property PlanetActor
	TwincleStar_C /Game/UEDPIE_0_GameMain.GameMain:PersistentLevel.TwincleStar_C_2
	Function /Game/MazePlanet/BluePrints/TwincleStar.TwincleStar_C:ExecuteUbergraph_TwincleStar:05BC
[2017.02.24-07.07.19:151][289]PIE:Error: エラー Blueprint Runtime Error: Accessed None trying to read property PlanetActor from function: 'ExecuteUbergraph_TwincleStar' from node: SetActorLocation in graph: SpawnStar in object: TwincleStar with description: Accessed None trying to read property PlanetActor
[2017.02.24-07.07.19:152][289]LogScript:Warning: Accessed None trying to read property PlanetActor
	TwincleStar_C /Game/UEDPIE_0_GameMain.GameMain:PersistentLevel.TwincleStar_C_3
	Function /Game/MazePlanet/BluePrints/TwincleStar.TwincleStar_C:ExecuteUbergraph_TwincleStar:05BC
[2017.02.24-07.07.19:152][289]PIE:Error: エラー Blueprint Runtime Error: Accessed None trying to read property PlanetActor from function: 'ExecuteUbergraph_TwincleStar' from node: SetActorLocation in graph: SpawnStar in object: TwincleStar with description: Accessed None trying to read property PlanetActor
[2017.02.24-07.07.19:152][289]LogScript:Warning: Accessed None trying to read property PlanetActor
	TwincleStar_C /Game/UEDPIE_0_GameMain.GameMain:PersistentLevel.TwincleStar_C_4
	Function /Game/MazePlanet/BluePrints/TwincleStar.TwincleStar_C:ExecuteUbergraph_TwincleStar:05BC
[2017.02.24-07.07.19:152][289]PIE:Error: エラー Blueprint Runtime Error: Accessed None trying to read property PlanetActor from function: 'ExecuteUbergraph_TwincleStar' from node: SetActorLocation in graph: SpawnStar in object: TwincleStar with description: Accessed None trying to read property PlanetActor
[2017.02.24-07.07.19:167][289]PIE: 情報 /Game/UEDPIE_0_GameMain 1.335のプレイ イン エディタの開始時間
[2017.02.24-07.07.19:167][289]LogBlueprintUserMessages: Late PlayInEditor Detection: Level '/Game/GameMain.GameMain:PersistentLevel' has LevelScriptBlueprint '/Game/GameMain.GameMain:PersistentLevel.GameMain' with GeneratedClass '/Game/GameMain.GameMain_C' with ClassGeneratedBy '/Game/GameMain.GameMain:PersistentLevel.GameMain'
[2017.02.24-07.07.24:623][893]LogBlueprintUserMessages: Early EndPlayMap Detection: Level '/Game/GameMain.GameMain:PersistentLevel' has LevelScriptBlueprint '/Game/GameMain.GameMain:PersistentLevel.GameMain' with GeneratedClass '/Game/GameMain.GameMain_C' with ClassGeneratedBy '/Game/GameMain.GameMain:PersistentLevel.GameMain'
[2017.02.24-07.07.24:624][893]LogHMD: Destroying ovr session
[2017.02.24-07.07.24:756][893]LogBlueprintUserMessages: Late EndPlayMap Detection: Level '/Game/GameMain.GameMain:PersistentLevel' has LevelScriptBlueprint '/Game/GameMain.GameMain:PersistentLevel.GameMain' with GeneratedClass '/Game/GameMain.GameMain_C' with ClassGeneratedBy '/Game/GameMain.GameMain:PersistentLevel.GameMain'
[2017.02.24-07.07.44:051][782]LogEditorViewport: Clicking on Actor (LMB): Planet_C (Planet)
[2017.02.24-07.08.10:114][988]BlueprintLog: New page: Room をコンパイル
[2017.02.24-07.08.10:462][988]LogSavePackage: Save=35.03ms
[2017.02.24-07.08.10:462][988]LogSavePackage: Moving '../../../../../../Users/BelL/Documents/OnGitProjects/TwinkleStarCollection/TincleStarCollection/Saved/Room41AFD6374EF6527EC96B3FB645C0BACA.tmp' to '../../../../../../Users/BelL/Documents/OnGitProjects/TwinkleStarCollection/TincleStarCollection/Content/MazePlanet/BluePrints/Room.uasset'
[2017.02.24-07.08.10:463][988]LogSavePackage:Display: Finished SavePackage ../../../../../../Users/BelL/Documents/OnGitProjects/TwinkleStarCollection/TincleStarCollection/Content/MazePlanet/BluePrints/Room.uasset
[2017.02.24-07.08.41:106][739]LogSavePackage: Save=111.15ms
[2017.02.24-07.08.41:106][739]LogSavePackage: Moving '../../../../../../Users/BelL/Documents/OnGitProjects/TwinkleStarCollection/TincleStarCollection/Saved/GameMain_Auto01EF65C9D4786E4253611D78D261182BB.tmp' to '../../../../../../Users/BelL/Documents/OnGitProjects/TwinkleStarCollection/TincleStarCollection/Saved/Autosaves/Game/GameMain_Auto0.umap'
[2017.02.24-07.08.41:106][739]LogSavePackage:Display: Finished SavePackage ../../../../../../Users/BelL/Documents/OnGitProjects/TwinkleStarCollection/TincleStarCollection/Saved/Autosaves/Game/GameMain_Auto0.umap
[2017.02.24-07.08.41:120][739]LogFileHelpers: Editor autosave (incl. sublevels) for '/Game/GameMain' took 0.169
[2017.02.24-07.08.41:120][739]LogFileHelpers: Editor autosave (incl. sublevels) for all levels took 0.169
[2017.02.24-07.21.39:579][ 75]LogEditorViewport: Clicking on Actor (LMB): BP_StarSphereDynamic_C (BP_StarSphereDynamic)
[2017.02.24-07.21.55:232][697]LogEditorViewport: Clicking on Actor (LMB): Planet_C (Planet)
[2017.02.24-07.22.26:768][710]BlueprintLog: New page: HMDLocomotionPawn をコンパイル
[2017.02.24-07.22.26:856][710]LogBlueprint:Warning: [Compiler HMDLocomotionPawn] 警告  TeleportDirectionRight を取得  にインプット軸参照の不明な軸 'TeleportDirectionRight' を取得
[2017.02.24-07.22.26:856][710]LogBlueprint:Warning: [Compiler HMDLocomotionPawn] 警告  TeleportDirectionUp を取得  にインプット軸参照の不明な軸 'TeleportDirectionUp' を取得
[2017.02.24-07.22.27:091][710]BlueprintEditorCompileResults:Warning: 警告  TeleportDirectionRight を取得  にインプット軸参照の不明な軸 'TeleportDirectionRight' を取得
[2017.02.24-07.22.27:091][710]BlueprintEditorCompileResults:Warning: 警告  TeleportDirectionUp を取得  にインプット軸参照の不明な軸 'TeleportDirectionUp' を取得
[2017.02.24-07.22.27:104][710]LogBlueprint:Warning: [Compiler HMDLocomotionPawn] 警告 [5440.90] Compile of HMDLocomotionPawn successful, but with 2 Warning(s) [in 335 ms] (/Game/MazePlanet/BluePrints/HMDLocomotionPawn.HMDLocomotionPawn)
[2017.02.24-07.23.21:008][ 35]LogSavePackage: Save=109.21ms
[2017.02.24-07.23.21:008][ 35]LogSavePackage: Moving '../../../../../../Users/BelL/Documents/OnGitProjects/TwinkleStarCollection/TincleStarCollection/Saved/GameMain_Auto154BC1BCB43A13651DDB3C0A6EA035A62.tmp' to '../../../../../../Users/BelL/Documents/OnGitProjects/TwinkleStarCollection/TincleStarCollection/Saved/Autosaves/Game/GameMain_Auto1.umap'
[2017.02.24-07.23.21:008][ 35]LogSavePackage:Display: Finished SavePackage ../../../../../../Users/BelL/Documents/OnGitProjects/TwinkleStarCollection/TincleStarCollection/Saved/Autosaves/Game/GameMain_Auto1.umap
[2017.02.24-07.23.21:009][ 35]LogFileHelpers: Editor autosave (incl. sublevels) for '/Game/GameMain' took 0.132
[2017.02.24-07.23.21:009][ 35]LogFileHelpers: Editor autosave (incl. sublevels) for all levels took 0.132
[2017.02.24-07.23.21:011][ 35]OBJ SavePackage: Generating thumbnails for [1] asset(s) in package [/Game/MazePlanet/BluePrints/HMDLocomotionPawn] ([1] browsable assets)...
[2017.02.24-07.23.21:020][ 35]OBJ SavePackage:     Rendered thumbnail for [Blueprint /Game/MazePlanet/BluePrints/HMDLocomotionPawn.HMDLocomotionPawn]
[2017.02.24-07.23.21:020][ 35]OBJ SavePackage: Finished generating thumbnails for package [/Game/MazePlanet/BluePrints/HMDLocomotionPawn]
[2017.02.24-07.23.21:175][ 35]LogSavePackage: Save=132.76ms
[2017.02.24-07.23.21:175][ 35]LogSavePackage: Moving '../../../../../../Users/BelL/Documents/OnGitProjects/TwinkleStarCollection/TincleStarCollection/Saved/HMDLocomotionPawn_Auto1C1E3B6C3481FF4880D89B8B6E2AACBB9.tmp' to '../../../../../../Users/BelL/Documents/OnGitProjects/TwinkleStarCollection/TincleStarCollection/Saved/Autosaves/Game/MazePlanet/BluePrints/HMDLocomotionPawn_Auto1.uasset'
[2017.02.24-07.23.21:190][ 35]LogSavePackage:Display: Finished SavePackage ../../../../../../Users/BelL/Documents/OnGitProjects/TwinkleStarCollection/TincleStarCollection/Saved/Autosaves/Game/MazePlanet/BluePrints/HMDLocomotionPawn_Auto1.uasset
[2017.02.24-07.23.21:190][ 35]LogFileHelpers: Auto-saving content packages took 0.180
[2017.02.24-10.09.41:559][976]LogSavePackage: Save=158.26ms
[2017.02.24-10.09.41:559][976]LogSavePackage: Moving '../../../../../../Users/BelL/Documents/OnGitProjects/TwinkleStarCollection/TincleStarCollection/Saved/GameMainDA0F1B9549677BAD52A8C8884080E3C9.tmp' to '../../../../../../Users/BelL/Documents/OnGitProjects/TwinkleStarCollection/TincleStarCollection/Content/GameMain.umap'
[2017.02.24-10.09.41:576][976]LogSavePackage:Display: Finished SavePackage ../../../../../../Users/BelL/Documents/OnGitProjects/TwinkleStarCollection/TincleStarCollection/Content/GameMain.umap
[2017.02.24-10.29.50:723][750]LogActorComponent: UnregisterComponent: (/Engine/Transient.EditorFloorComp) Not registered. Aborting.
[2017.02.24-10.29.50:845][750]LogActorComponent: UnregisterComponent: (/Engine/Transient.EditorFloorComp) Not registered. Aborting.
[2017.02.24-15.09.52:129][ 65]LogRenderer: Reallocating scene render targets to support 1276x696 NumSamples 1 (Frame:282175).
[2017.02.24-15.10.12:887][959]LogActorComponent: UnregisterComponent: (/Engine/Transient.EditorFloorComp) Not registered. Aborting.
[2017.02.24-15.10.26:203][ 34]BlueprintLog: New page: HMDLocomotionPawn をコンパイル
[2017.02.24-15.10.26:301][ 34]LogBlueprint:Warning: [Compiler HMDLocomotionPawn] 警告  TeleportDirectionRight を取得  にインプット軸参照の不明な軸 'TeleportDirectionRight' を取得
[2017.02.24-15.10.26:301][ 34]LogBlueprint:Warning: [Compiler HMDLocomotionPawn] 警告  TeleportDirectionUp を取得  にインプット軸参照の不明な軸 'TeleportDirectionUp' を取得
[2017.02.24-15.10.26:610][ 34]BlueprintEditorCompileResults:Warning: 警告  TeleportDirectionRight を取得  にインプット軸参照の不明な軸 'TeleportDirectionRight' を取得
[2017.02.24-15.10.26:610][ 34]BlueprintEditorCompileResults:Warning: 警告  TeleportDirectionUp を取得  にインプット軸参照の不明な軸 'TeleportDirectionUp' を取得
[2017.02.24-15.10.26:611][ 34]LogBlueprint:Warning: [Compiler HMDLocomotionPawn] 警告 [3520.40] Compile of HMDLocomotionPawn successful, but with 2 Warning(s) [in 407 ms] (/Game/MazePlanet/BluePrints/HMDLocomotionPawn.HMDLocomotionPawn)
[2017.02.24-15.10.28:397][116]LogSavePackage: Save=137.35ms
[2017.02.24-15.10.28:397][116]LogSavePackage: Moving '../../../../../../Users/BelL/Documents/OnGitProjects/TwinkleStarCollection/TincleStarCollection/Saved/HMDLocomotionPawn6051865F4CA1ACF8EB416DBE5CD462F0.tmp' to '../../../../../../Users/BelL/Documents/OnGitProjects/TwinkleStarCollection/TincleStarCollection/Content/MazePlanet/BluePrints/HMDLocomotionPawn.uasset'
[2017.02.24-15.10.28:400][116]LogSavePackage:Display: Finished SavePackage ../../../../../../Users/BelL/Documents/OnGitProjects/TwinkleStarCollection/TincleStarCollection/Content/MazePlanet/BluePrints/HMDLocomotionPawn.uasset
[2017.02.24-15.11.32:851][713]LogSavePackage: Save=122.13ms
[2017.02.24-15.11.32:851][713]LogSavePackage: Moving '../../../../../../Users/BelL/Documents/OnGitProjects/TwinkleStarCollection/TincleStarCollection/Saved/GameMain_Auto20CC5A3CE461EA6F1F29901ABB8D5827D.tmp' to '../../../../../../Users/BelL/Documents/OnGitProjects/TwinkleStarCollection/TincleStarCollection/Saved/Autosaves/Game/GameMain_Auto2.umap'
[2017.02.24-15.11.32:855][713]LogSavePackage:Display: Finished SavePackage ../../../../../../Users/BelL/Documents/OnGitProjects/TwinkleStarCollection/TincleStarCollection/Saved/Autosaves/Game/GameMain_Auto2.umap
[2017.02.24-15.11.32:858][713]LogFileHelpers: Editor autosave (incl. sublevels) for '/Game/GameMain' took 0.255
[2017.02.24-15.11.32:858][713]LogFileHelpers: Editor autosave (incl. sublevels) for all levels took 0.255
[2017.02.24-15.11.32:860][713]OBJ SavePackage: Generating thumbnails for [0] asset(s) in package [/Game/MazePlanet/BluePrints/HMDLocomotionPawn] ([1] browsable assets)...
[2017.02.24-15.11.32:860][713]OBJ SavePackage: Finished generating thumbnails for package [/Game/MazePlanet/BluePrints/HMDLocomotionPawn]
[2017.02.24-15.11.32:992][713]LogSavePackage: Save=129.42ms
[2017.02.24-15.11.32:992][713]LogSavePackage: Moving '../../../../../../Users/BelL/Documents/OnGitProjects/TwinkleStarCollection/TincleStarCollection/Saved/HMDLocomotionPawn_Auto29A2CE5FC4D2DB1BDF1FEA7821CCAF27B.tmp' to '../../../../../../Users/BelL/Documents/OnGitProjects/TwinkleStarCollection/TincleStarCollection/Saved/Autosaves/Game/MazePlanet/BluePrints/HMDLocomotionPawn_Auto2.uasset'
[2017.02.24-15.11.33:005][713]LogSavePackage:Display: Finished SavePackage ../../../../../../Users/BelL/Documents/OnGitProjects/TwinkleStarCollection/TincleStarCollection/Saved/Autosaves/Game/MazePlanet/BluePrints/HMDLocomotionPawn_Auto2.uasset
[2017.02.24-15.11.33:005][713]LogFileHelpers: Auto-saving content packages took 0.146
[2017.02.24-15.15.26:000][526]BlueprintLog: New page: HMDLocomotionPawn をコンパイル
[2017.02.24-15.15.26:469][526]LogSavePackage: Save=127.96ms
[2017.02.24-15.15.26:469][526]LogSavePackage: Moving '../../../../../../Users/BelL/Documents/OnGitProjects/TwinkleStarCollection/TincleStarCollection/Saved/HMDLocomotionPawn9AB3223D4111D5CA59CC9F85C764B8CA.tmp' to '../../../../../../Users/BelL/Documents/OnGitProjects/TwinkleStarCollection/TincleStarCollection/Content/MazePlanet/BluePrints/HMDLocomotionPawn.uasset'
[2017.02.24-15.15.26:473][526]LogSavePackage:Display: Finished SavePackage ../../../../../../Users/BelL/Documents/OnGitProjects/TwinkleStarCollection/TincleStarCollection/Content/MazePlanet/BluePrints/HMDLocomotionPawn.uasset
[2017.02.24-15.21.33:728][859]LogSavePackage: Save=100.56ms
[2017.02.24-15.21.33:728][859]LogSavePackage: Moving '../../../../../../Users/BelL/Documents/OnGitProjects/TwinkleStarCollection/TincleStarCollection/Saved/GameMain_Auto3A6EBD1234EB494512D8A9187722C6179.tmp' to '../../../../../../Users/BelL/Documents/OnGitProjects/TwinkleStarCollection/TincleStarCollection/Saved/Autosaves/Game/GameMain_Auto3.umap'
[2017.02.24-15.21.33:728][859]LogSavePackage:Display: Finished SavePackage ../../../../../../Users/BelL/Documents/OnGitProjects/TwinkleStarCollection/TincleStarCollection/Saved/Autosaves/Game/GameMain_Auto3.umap
[2017.02.24-15.21.33:729][859]LogFileHelpers: Editor autosave (incl. sublevels) for '/Game/GameMain' took 0.136
[2017.02.24-15.21.33:729][859]LogFileHelpers: Editor autosave (incl. sublevels) for all levels took 0.136
[2017.02.24-15.21.33:731][859]OBJ SavePackage: Generating thumbnails for [0] asset(s) in package [/Game/MazePlanet/BluePrints/HMDLocomotionPawn] ([1] browsable assets)...
[2017.02.24-15.21.33:731][859]OBJ SavePackage: Finished generating thumbnails for package [/Game/MazePlanet/BluePrints/HMDLocomotionPawn]
[2017.02.24-15.21.33:862][859]LogSavePackage: Save=125.39ms
[2017.02.24-15.21.33:862][859]LogSavePackage: Moving '../../../../../../Users/BelL/Documents/OnGitProjects/TwinkleStarCollection/TincleStarCollection/Saved/HMDLocomotionPawn_Auto36707D2634718173AE9E3D39496E56FD6.tmp' to '../../../../../../Users/BelL/Documents/OnGitProjects/TwinkleStarCollection/TincleStarCollection/Saved/Autosaves/Game/MazePlanet/BluePrints/HMDLocomotionPawn_Auto3.uasset'
[2017.02.24-15.21.33:863][859]LogSavePackage:Display: Finished SavePackage ../../../../../../Users/BelL/Documents/OnGitProjects/TwinkleStarCollection/TincleStarCollection/Saved/Autosaves/Game/MazePlanet/BluePrints/HMDLocomotionPawn_Auto3.uasset
[2017.02.24-15.21.33:863][859]LogFileHelpers: Auto-saving content packages took 0.133
[2017.02.25-02.08.56:833][721]LogEditorTransaction: Undo コンポーネントを修正
[2017.02.25-02.11.30:300][761]LogEditorTransaction: Undo コンポーネントを修正
[2017.02.25-02.11.30:481][769]LogEditorTransaction: Undo コンポーネントを修正
[2017.02.25-02.11.30:688][779]LogEditorTransaction: Undo コンポーネントを修正
[2017.02.25-02.11.30:969][801]LogEditorTransaction: Undo コンポーネントを修正
[2017.02.25-02.11.31:238][825]LogEditorTransaction: Undo コンポーネントを修正
[2017.02.25-02.11.31:880][892]LogEditorTransaction: Undo コンポーネントを修正
[2017.02.25-02.11.32:196][921]LogEditorTransaction: Undo コンポーネントを修正
[2017.02.25-02.11.33:825][104]LogEditorTransaction: Redo コンポーネントを修正
[2017.02.25-02.12.13:194][844]LogSavePackage: Save=16.01ms
[2017.02.25-02.12.13:194][844]LogSavePackage: Moving '../../../../../../Users/BelL/Documents/OnGitProjects/TwinkleStarCollection/TincleStarCollection/Saved/Walls9B64DDA14C58A5683E20C5B1B221EC26.tmp' to '../../../../../../Users/BelL/Documents/OnGitProjects/TwinkleStarCollection/TincleStarCollection/Content/MazePlanet/BluePrints/Walls.uasset'
[2017.02.25-02.12.13:197][844]LogSavePackage:Display: Finished SavePackage ../../../../../../Users/BelL/Documents/OnGitProjects/TwinkleStarCollection/TincleStarCollection/Content/MazePlanet/BluePrints/Walls.uasset
[2017.02.25-02.36.30:527][960]LogEditorTransaction: Undo コンポーネントを修正
[2017.02.25-02.37.10:899][821]LogEditorTransaction: Undo コンポーネントを修正
[2017.02.25-02.37.11:230][840]Cmd: TRANSACTION UNDO
[2017.02.25-02.37.11:230][840]LogEditorTransaction: Undo コンポーネントを修正
[2017.02.25-02.37.11:643][876]Cmd: TRANSACTION UNDO
[2017.02.25-02.37.11:643][876]LogEditorTransaction: Undo コンポーネントを修正
[2017.02.25-02.37.13:251][ 57]Cmd: TRANSACTION UNDO
[2017.02.25-02.37.13:251][ 57]LogEditorTransaction: Undo コンポーネントを親子付け
[2017.02.25-02.37.20:944][741]LogEditorTransaction: Undo コンポーネントを修正
[2017.02.25-02.37.21:152][752]Cmd: TRANSACTION UNDO
[2017.02.25-02.37.21:152][752]LogEditorTransaction: Undo コンポーネントを修正
[2017.02.25-02.37.21:358][762]Cmd: TRANSACTION UNDO
[2017.02.25-02.37.21:358][762]LogEditorTransaction: Undo コンポーネントを修正
[2017.02.25-02.38.22:554][993]LogFileHelpers: Editor autosave (incl. sublevels) for '/Game/GameMain' took 0.025
[2017.02.25-02.38.22:555][993]OBJ SavePackage: Generating thumbnails for [1] asset(s) in package [/Game/MazePlanet/BluePrints/Walls] ([1] browsable assets)...
[2017.02.25-02.38.22:565][993]OBJ SavePackage:     Rendered thumbnail for [Blueprint /Game/MazePlanet/BluePrints/Walls.Walls]
[2017.02.25-02.38.22:565][993]OBJ SavePackage: Finished generating thumbnails for package [/Game/MazePlanet/BluePrints/Walls]
[2017.02.25-02.38.22:588][993]LogSavePackage: Save=17.24ms
[2017.02.25-02.38.22:588][993]LogSavePackage: Moving '../../../../../../Users/BelL/Documents/OnGitProjects/TwinkleStarCollection/TincleStarCollection/Saved/Walls_Auto48DC4498B45BA3D5A7524B396B2796E2B.tmp' to '../../../../../../Users/BelL/Documents/OnGitProjects/TwinkleStarCollection/TincleStarCollection/Saved/Autosaves/Game/MazePlanet/BluePrints/Walls_Auto4.uasset'
[2017.02.25-02.38.22:588][993]LogSavePackage:Display: Finished SavePackage ../../../../../../Users/BelL/Documents/OnGitProjects/TwinkleStarCollection/TincleStarCollection/Saved/Autosaves/Game/MazePlanet/BluePrints/Walls_Auto4.uasset
[2017.02.25-02.38.22:588][993]LogFileHelpers: Auto-saving content packages took 0.034
[2017.02.25-03.23.17:028][902]LogRenderer: Reallocating scene render targets to support 1280x696 NumSamples 1 (Frame:8858353).
[2017.02.25-03.23.17:074][903]LogRenderer: Reallocating scene render targets to support 1284x696 NumSamples 1 (Frame:8858355).
[2017.02.25-03.23.18:140][997]LogFileHelpers: Editor autosave (incl. sublevels) for '/Game/GameMain' took 0.018
[2017.02.25-03.23.18:142][997]OBJ SavePackage: Generating thumbnails for [1] asset(s) in package [/Game/MazePlanet/BluePrints/Walls] ([1] browsable assets)...
[2017.02.25-03.23.18:154][997]OBJ SavePackage:     Rendered thumbnail for [Blueprint /Game/MazePlanet/BluePrints/Walls.Walls]
[2017.02.25-03.23.18:154][997]OBJ SavePackage: Finished generating thumbnails for package [/Game/MazePlanet/BluePrints/Walls]
[2017.02.25-03.23.18:180][997]LogSavePackage: Save=17.51ms
[2017.02.25-03.23.18:180][997]LogSavePackage: Moving '../../../../../../Users/BelL/Documents/OnGitProjects/TwinkleStarCollection/TincleStarCollection/Saved/Walls_Auto556DA821A4C65281CF5F10DBEE276A9DE.tmp' to '../../../../../../Users/BelL/Documents/OnGitProjects/TwinkleStarCollection/TincleStarCollection/Saved/Autosaves/Game/MazePlanet/BluePrints/Walls_Auto5.uasset'
[2017.02.25-03.23.18:180][997]LogSavePackage:Display: Finished SavePackage ../../../../../../Users/BelL/Documents/OnGitProjects/TwinkleStarCollection/TincleStarCollection/Saved/Autosaves/Game/MazePlanet/BluePrints/Walls_Auto5.uasset
[2017.02.25-03.23.18:180][997]LogFileHelpers: Auto-saving content packages took 0.039
[2017.02.25-03.23.23:044][446]LogEditorTransaction: Undo 新規シーンルートを作成
[2017.02.25-03.24.24:025][901]LogPhysics:Warning: Initialising Body : Scale3D is (nearly) zero: Component: Walls_C_0.ForwardWallBottom Plane 
[2017.02.25-03.24.24:026][901]LogPhysics:Warning: Initialising Body : Scale3D is (nearly) zero: Component: Walls_C_0.ForwardWallBottom Plane 
[2017.02.25-03.24.24:026][901]LogPhysics:Warning: Initialising Body : Scale3D is (nearly) zero: Component: Walls_C_0.ForwardWallBottom Plane 
[2017.02.25-03.24.24:026][901]LogPhysics:Warning: Initialising Body : Scale3D is (nearly) zero: Component: Walls_C_0.ForwardWallBottom Plane 
[2017.02.25-03.24.24:037][901]LogPhysics:Warning: Initialising Body : Scale3D is (nearly) zero: Component: Walls_C_0.ForwardWallBottom Plane 
[2017.02.25-03.24.24:037][901]LogPhysics:Warning: Initialising Body : Scale3D is (nearly) zero: Component: Walls_C_0.ForwardWallBottom Plane 
[2017.02.25-03.24.24:038][901]LogPhysics:Warning: Initialising Body : Scale3D is (nearly) zero: Component: Walls_C_0.ForwardWallBottom Plane 
[2017.02.25-03.26.13:668][734]LogEditorTransaction: Undo コンポーネントを修正
[2017.02.25-03.26.26:252][823]LogEditorTransaction: Undo コンポーネントを修正
[2017.02.25-03.26.45:231][517]LogEditorTransaction: Undo コンポーネントを修正
[2017.02.25-03.27.43:170][583]LogSavePackage: Save=16.33ms
[2017.02.25-03.27.43:170][583]LogSavePackage: Moving '../../../../../../Users/BelL/Documents/OnGitProjects/TwinkleStarCollection/TincleStarCollection/Saved/Walls9A00AA5E44B0D1BB89F38BB3D2D8ED30.tmp' to '../../../../../../Users/BelL/Documents/OnGitProjects/TwinkleStarCollection/TincleStarCollection/Content/MazePlanet/BluePrints/Walls.uasset'
[2017.02.25-03.27.43:172][583]LogSavePackage:Display: Finished SavePackage ../../../../../../Users/BelL/Documents/OnGitProjects/TwinkleStarCollection/TincleStarCollection/Content/MazePlanet/BluePrints/Walls.uasset
[2017.02.25-03.27.47:519][966]LogSavePackage: Save=17.19ms
[2017.02.25-03.27.47:519][966]LogSavePackage: Moving '../../../../../../Users/BelL/Documents/OnGitProjects/TwinkleStarCollection/TincleStarCollection/Saved/WallsF64FE7584B29663CF0F43993723F71E6.tmp' to '../../../../../../Users/BelL/Documents/OnGitProjects/TwinkleStarCollection/TincleStarCollection/Content/MazePlanet/BluePrints/Walls.uasset'
[2017.02.25-03.27.47:521][966]LogSavePackage:Display: Finished SavePackage ../../../../../../Users/BelL/Documents/OnGitProjects/TwinkleStarCollection/TincleStarCollection/Content/MazePlanet/BluePrints/Walls.uasset
[2017.02.25-03.27.53:173][461]Cmd: DUPLICATE
[2017.02.25-03.27.53:173][461]Cmd: ACTOR DUPLICATE
[2017.02.25-03.33.18:751][809]LogSavePackage: Save=105.02ms
[2017.02.25-03.33.18:751][809]LogSavePackage: Moving '../../../../../../Users/BelL/Documents/OnGitProjects/TwinkleStarCollection/TincleStarCollection/Saved/GameMain_Auto6CC11740C4F1A65A6EB10D88473D67C2D.tmp' to '../../../../../../Users/BelL/Documents/OnGitProjects/TwinkleStarCollection/TincleStarCollection/Saved/Autosaves/Game/GameMain_Auto6.umap'
[2017.02.25-03.33.18:751][809]LogSavePackage:Display: Finished SavePackage ../../../../../../Users/BelL/Documents/OnGitProjects/TwinkleStarCollection/TincleStarCollection/Saved/Autosaves/Game/GameMain_Auto6.umap
[2017.02.25-03.33.18:755][809]LogFileHelpers: Editor autosave (incl. sublevels) for '/Game/GameMain' took 0.152
[2017.02.25-03.33.18:755][809]LogFileHelpers: Editor autosave (incl. sublevels) for all levels took 0.152
[2017.02.25-03.33.18:756][809]OBJ SavePackage: Generating thumbnails for [1] asset(s) in package [/Game/MazePlanet/BluePrints/Walls] ([1] browsable assets)...
[2017.02.25-03.33.18:763][809]OBJ SavePackage:     Rendered thumbnail for [Blueprint /Game/MazePlanet/BluePrints/Walls.Walls]
[2017.02.25-03.33.18:763][809]OBJ SavePackage: Finished generating thumbnails for package [/Game/MazePlanet/BluePrints/Walls]
[2017.02.25-03.33.18:783][809]LogSavePackage: Save=15.42ms
[2017.02.25-03.33.18:783][809]LogSavePackage: Moving '../../../../../../Users/BelL/Documents/OnGitProjects/TwinkleStarCollection/TincleStarCollection/Saved/Walls_Auto684BB26934404063E40F1629B5CDC2BFE.tmp' to '../../../../../../Users/BelL/Documents/OnGitProjects/TwinkleStarCollection/TincleStarCollection/Saved/Autosaves/Game/MazePlanet/BluePrints/Walls_Auto6.uasset'
[2017.02.25-03.33.18:784][809]LogSavePackage:Display: Finished SavePackage ../../../../../../Users/BelL/Documents/OnGitProjects/TwinkleStarCollection/TincleStarCollection/Saved/Autosaves/Game/MazePlanet/BluePrints/Walls_Auto6.uasset
[2017.02.25-03.33.18:784][809]OBJ SavePackage: Generating thumbnails for [1] asset(s) in package [/Game/MazePlanet/BluePrints/Walls2] ([1] browsable assets)...
[2017.02.25-03.33.18:789][809]OBJ SavePackage:     Rendered thumbnail for [Blueprint /Game/MazePlanet/BluePrints/Walls2.Walls2]
[2017.02.25-03.33.18:789][809]OBJ SavePackage: Finished generating thumbnails for package [/Game/MazePlanet/BluePrints/Walls2]
[2017.02.25-03.33.18:805][809]LogSavePackage: Save=15.02ms
[2017.02.25-03.33.18:805][809]LogSavePackage: Moving '../../../../../../Users/BelL/Documents/OnGitProjects/TwinkleStarCollection/TincleStarCollection/Saved/Walls2_Auto60632DB5F4A43D9475916CD8B0ECBE5E7.tmp' to '../../../../../../Users/BelL/Documents/OnGitProjects/TwinkleStarCollection/TincleStarCollection/Saved/Autosaves/Game/MazePlanet/BluePrints/Walls2_Auto6.uasset'
[2017.02.25-03.33.18:805][809]LogSavePackage:Display: Finished SavePackage ../../../../../../Users/BelL/Documents/OnGitProjects/TwinkleStarCollection/TincleStarCollection/Saved/Autosaves/Game/MazePlanet/BluePrints/Walls2_Auto6.uasset
[2017.02.25-03.33.18:805][809]OBJ SavePackage: Generating thumbnails for [1] asset(s) in package [/Game/MazePlanet/BluePrints/Walls3] ([1] browsable assets)...
[2017.02.25-03.33.18:809][809]OBJ SavePackage:     Rendered thumbnail for [Blueprint /Game/MazePlanet/BluePrints/Walls3.Walls3]
[2017.02.25-03.33.18:809][809]OBJ SavePackage: Finished generating thumbnails for package [/Game/MazePlanet/BluePrints/Walls3]
[2017.02.25-03.33.18:825][809]LogSavePackage: Save=14.93ms
[2017.02.25-03.33.18:825][809]LogSavePackage: Moving '../../../../../../Users/BelL/Documents/OnGitProjects/TwinkleStarCollection/TincleStarCollection/Saved/Walls3_Auto6D361CD99489B8D40F39AEEA4C788539F.tmp' to '../../../../../../Users/BelL/Documents/OnGitProjects/TwinkleStarCollection/TincleStarCollection/Saved/Autosaves/Game/MazePlanet/BluePrints/Walls3_Auto6.uasset'
[2017.02.25-03.33.18:826][809]LogSavePackage:Display: Finished SavePackage ../../../../../../Users/BelL/Documents/OnGitProjects/TwinkleStarCollection/TincleStarCollection/Saved/Autosaves/Game/MazePlanet/BluePrints/Walls3_Auto6.uasset
[2017.02.25-03.33.18:826][809]LogFileHelpers: Auto-saving content packages took 0.070
[2017.02.25-03.39.40:745][ 28]BlueprintLog: New page: Walls をコンパイル
[2017.02.25-03.39.41:020][ 28]LogSavePackage: Save=26.99ms
[2017.02.25-03.39.41:020][ 28]LogSavePackage: Moving '../../../../../../Users/BelL/Documents/OnGitProjects/TwinkleStarCollection/TincleStarCollection/Saved/Walls3E4D7CA44892B8850AB94AABEE260B53.tmp' to '../../../../../../Users/BelL/Documents/OnGitProjects/TwinkleStarCollection/TincleStarCollection/Content/MazePlanet/BluePrints/Walls.uasset'
[2017.02.25-03.39.41:024][ 28]LogSavePackage:Display: Finished SavePackage ../../../../../../Users/BelL/Documents/OnGitProjects/TwinkleStarCollection/TincleStarCollection/Content/MazePlanet/BluePrints/Walls.uasset
[2017.02.25-03.40.24:906][ 31]BlueprintLog: New page: Walls をコンパイル
[2017.02.25-03.40.25:055][ 31]LogSavePackage: Save=19.90ms
[2017.02.25-03.40.25:055][ 31]LogSavePackage: Moving '../../../../../../Users/BelL/Documents/OnGitProjects/TwinkleStarCollection/TincleStarCollection/Saved/WallsCBEC02144FAB68D250F5169643152A48.tmp' to '../../../../../../Users/BelL/Documents/OnGitProjects/TwinkleStarCollection/TincleStarCollection/Content/MazePlanet/BluePrints/Walls.uasset'
[2017.02.25-03.40.25:056][ 31]LogSavePackage:Display: Finished SavePackage ../../../../../../Users/BelL/Documents/OnGitProjects/TwinkleStarCollection/TincleStarCollection/Content/MazePlanet/BluePrints/Walls.uasset
[2017.02.25-03.42.11:836][725]BlueprintLog: New page: Walls をコンパイル
[2017.02.25-03.42.12:005][725]LogSavePackage: Save=19.14ms
[2017.02.25-03.42.12:005][725]LogSavePackage: Moving '../../../../../../Users/BelL/Documents/OnGitProjects/TwinkleStarCollection/TincleStarCollection/Saved/WallsD6B087CD4D8CFE5A4176FA948A70A706.tmp' to '../../../../../../Users/BelL/Documents/OnGitProjects/TwinkleStarCollection/TincleStarCollection/Content/MazePlanet/BluePrints/Walls.uasset'
[2017.02.25-03.42.12:006][725]LogSavePackage:Display: Finished SavePackage ../../../../../../Users/BelL/Documents/OnGitProjects/TwinkleStarCollection/TincleStarCollection/Content/MazePlanet/BluePrints/Walls.uasset
[2017.02.25-03.42.12:543][749]LogSavePackage: Save=14.32ms
[2017.02.25-03.42.12:543][749]LogSavePackage: Moving '../../../../../../Users/BelL/Documents/OnGitProjects/TwinkleStarCollection/TincleStarCollection/Saved/WallsA558F33A4FB32F9C4E36D49200B5ACA0.tmp' to '../../../../../../Users/BelL/Documents/OnGitProjects/TwinkleStarCollection/TincleStarCollection/Content/MazePlanet/BluePrints/Walls.uasset'
[2017.02.25-03.42.12:543][749]LogSavePackage:Display: Finished SavePackage ../../../../../../Users/BelL/Documents/OnGitProjects/TwinkleStarCollection/TincleStarCollection/Content/MazePlanet/BluePrints/Walls.uasset
[2017.02.25-03.42.16:594][117]LogSavePackage: Save=130.56ms
[2017.02.25-03.42.16:594][117]LogSavePackage: Moving '../../../../../../Users/BelL/Documents/OnGitProjects/TwinkleStarCollection/TincleStarCollection/Saved/HMDLocomotionPawnD36CEE0746080EDEACE88ABA923B3817.tmp' to '../../../../../../Users/BelL/Documents/OnGitProjects/TwinkleStarCollection/TincleStarCollection/Content/MazePlanet/BluePrints/HMDLocomotionPawn.uasset'
[2017.02.25-03.42.16:599][117]LogSavePackage:Display: Finished SavePackage ../../../../../../Users/BelL/Documents/OnGitProjects/TwinkleStarCollection/TincleStarCollection/Content/MazePlanet/BluePrints/HMDLocomotionPawn.uasset
[2017.02.25-17.45.27:987][786]LogSavePackage: Save=144.67ms
[2017.02.25-17.45.27:987][786]LogSavePackage: Moving '../../../../../../Users/BelL/Documents/OnGitProjects/TwinkleStarCollection/TincleStarCollection/Saved/GameMain70D4DD3D44BCCB3296B37C82D4F37379.tmp' to '../../../../../../Users/BelL/Documents/OnGitProjects/TwinkleStarCollection/TincleStarCollection/Content/GameMain.umap'
[2017.02.25-17.45.27:990][786]LogSavePackage:Display: Finished SavePackage ../../../../../../Users/BelL/Documents/OnGitProjects/TwinkleStarCollection/TincleStarCollection/Content/GameMain.umap
[2017.02.25-17.45.28:025][786]LogFileHelpers: Saving map 'GameMain' took 1.802
[2017.02.25-17.45.28:048][786]LogSavePackage: Save=14.77ms
[2017.02.25-17.45.28:048][786]LogSavePackage: Moving '../../../../../../Users/BelL/Documents/OnGitProjects/TwinkleStarCollection/TincleStarCollection/Saved/Walls268370A6640DC09DDD5982D94F01CA3CC.tmp' to '../../../../../../Users/BelL/Documents/OnGitProjects/TwinkleStarCollection/TincleStarCollection/Content/MazePlanet/BluePrints/Walls2.uasset'
[2017.02.25-17.45.28:051][786]LogSavePackage:Display: Finished SavePackage ../../../../../../Users/BelL/Documents/OnGitProjects/TwinkleStarCollection/TincleStarCollection/Content/MazePlanet/BluePrints/Walls2.uasset
[2017.02.25-17.45.28:083][786]LogSavePackage: Save=14.24ms
[2017.02.25-17.45.28:083][786]LogSavePackage: Moving '../../../../../../Users/BelL/Documents/OnGitProjects/TwinkleStarCollection/TincleStarCollection/Saved/Walls3A775B183439A9C550B53B0BF4CF13DCA.tmp' to '../../../../../../Users/BelL/Documents/OnGitProjects/TwinkleStarCollection/TincleStarCollection/Content/MazePlanet/BluePrints/Walls3.uasset'
[2017.02.25-17.45.28:087][786]LogSavePackage:Display: Finished SavePackage ../../../../../../Users/BelL/Documents/OnGitProjects/TwinkleStarCollection/TincleStarCollection/Content/MazePlanet/BluePrints/Walls3.uasset
[2017.02.25-17.45.28:378][786]LogActorComponent: UnregisterComponent: (/Engine/Transient.EditorFloorComp) Not registered. Aborting.
[2017.02.25-17.45.28:495][786]LogActorComponent: UnregisterComponent: (/Engine/Transient.EditorFloorComp) Not registered. Aborting.
[2017.02.25-17.45.28:621][786]LogActorComponent: UnregisterComponent: (/Engine/Transient.EditorFloorComp) Not registered. Aborting.
[2017.02.25-17.45.29:039][786]LogWindowsTextInputMethodSystem:Display: IME system now activated using TSF (Microsoft IME).
[2017.02.25-17.45.29:426][787]Cmd: QUIT_EDITOR
[2017.02.25-17.45.29:821][787]LogExit: Preparing to exit.
[2017.02.25-17.45.31:516][787]LogDirectoryWatcher: A directory notification for 'D:/Users/BelL/Documents/OnGitProjects/TwinkleStarCollection/TincleStarCollection/Content/' was aborted.
[2017.02.25-17.45.31:873][787]LogExit: Editor shut down
[2017.02.25-17.45.31:875][787]LogExit: Transaction tracking system shut down
[2017.02.25-17.45.32:877][787]LogObj: Freed 0b from 0 cluster array pools.
[2017.02.25-17.45.32:877][787]LogExit: Object subsystem successfully closed.
[2017.02.25-17.45.33:024][787]LogD3D11RHI: Shutdown
[2017.02.25-17.45.33:024][787]LogD3D11RHI: CleanupD3DDevice
