Log file open, 02/23/17 12:36:31
LogInit:Display: Running engine for game: TincleStarCollection
LogPlatformFile: Not using cached read wrapper
LogInit:Display: RandInit(-1258899443) SRandInit(-1258899442).
LogTaskGraph: Started task graph with 5 named threads and 8 total threads with 1 sets of task threads.
LogStats: Stats thread started at 0.067204
LogInit: Using libcurl 7.47.1
LogInit:  - built for x86_64-pc-win32
LogInit:  - supports SSL with OpenSSL/1.0.2g
LogInit:  - supports HTTP deflate (compression) using libz 1.2.8
LogInit:  - other features:
LogInit:      CURL_VERSION_SSL
LogInit:      CURL_VERSION_LIBZ
LogInit:      CURL_VERSION_IPV6
LogInit:      CURL_VERSION_ASYNCHDNS
LogInit:      CURL_VERSION_LARGEFILE
LogInit:      CURL_VERSION_IDN
LogInit:  CurlRequestOptions (configurable via config and command line):
LogInit:  - bVerifyPeer = false  - Libcurl will NOT verify peer certificate
LogInit:  - bUseHttpProxy = false  - Libcurl will NOT use HTTP proxy
LogInit:  - bDontReuseConnections = false  - Libcurl will reuse connections
LogInit:  - CertBundlePath = nullptr  - Libcurl will use whatever was configured at build time.
OCULUS: Info: [CAPI] LibOVR module is located at C:\Program Files\Oculus\Support\oculus-runtime\LibOVRRT64_1.dll
OCULUS: Debug: Connected to the server running version (prod = 1).1.11.0(build = 343615) feature version = 0. Client runs version (prod = 1).1.11.0(build = 343615) feature version = 0
OCULUS: Debug: [HMDState] Using default profile default
OCULUS: Info: IAD changed to 63.9mm
OCULUS: Debug: [SharedMemory] Creating factory
LogInit: Build: ++UE4+Release-4.15-CL-3299760
LogInit: Engine Version: 4.15.0-3299760+++UE4+Release-4.15
LogInit: Compatible Engine Version: 4.15.0-3299760+++UE4+Release-4.15
LogInit: Net CL: 3299760
LogDevObjectVersion: Number of dev versions registered: 14
LogDevObjectVersion:   Dev-Blueprints (B0D832E4-1F89-4F0D-ACCF-7EB736FD4AA2): 8
LogDevObjectVersion:   Dev-Build (E1C64328-A22C-4D53-A36C-8E866417BD8C): 0
LogDevObjectVersion:   Dev-Core (375EC13C-06E4-48FB-B500-84F0262A717E): 2
LogDevObjectVersion:   Dev-Editor (E4B068ED-F494-42E9-A231-DA0B2E46BB41): 14
LogDevObjectVersion:   Dev-Framework (CFFC743F-43B0-4480-9391-14DF171D2073): 22
LogDevObjectVersion:   Dev-Mobile (B02B49B5-BB20-44E9-A304-32B752E40360): 0
LogDevObjectVersion:   Dev-Networking (A4E4105C-59A1-49B5-A7C5-40C4547EDFEE): 0
LogDevObjectVersion:   Dev-Online (39C831C9-5AE6-47DC-9A44-9C173E1C8E7C): 0
LogDevObjectVersion:   Dev-Physics (78F01B33-EBEA-4F98-B9B4-84EACCB95AA2): 0
LogDevObjectVersion:   Dev-Platform (6631380F-2D4D-43E0-8009-CF276956A95A): 0
LogDevObjectVersion:   Dev-Rendering (12F88B9F-8875-4AFC-A67C-D90C383ABD29): 12
LogDevObjectVersion:   Dev-Sequencer (7B5AE74C-D270-4C10-A958-57980B212A5A): 3
LogDevObjectVersion:   Dev-VR (D7296918-1DD6-4BDD-9DE2-64A83CC13884): 0
LogDevObjectVersion:   Dev-LoadTimes (C2A15278-BFE7-4AFE-6C17-90FF531DF755): 1
LogInit: Compiled (64-bit): Feb 14 2017 02:04:14
LogInit: Compiled with Visual C++: 19.00.23026.00
LogInit: Build Configuration: Development
LogInit: Branch Name: ++UE4+Release-4.15
LogInit: Command line:  
LogInit: Base directory: D:/Program Files/Epic Games/UE_4.15/Engine/Binaries/Win64/
LogInit: Installed Engine Build: 1
LogInit: Presizing for max 8388607 objects, including 0 objects not considered by GC, pre-allocating 0 bytes for permanent pool.
LogInit: Object subsystem initialized
[2017.02.23-03.36.32:547][  0]LogInit: Selected Device Profile: [Windows]
[2017.02.23-03.36.32:547][  0]LogInit: Applying CVar settings loaded from the selected device profile: [Windows]
[2017.02.23-03.36.32:612][  0]LogInit: Computer: DESKTOP-TUHPJ9K
[2017.02.23-03.36.32:612][  0]LogInit: User: BelL
[2017.02.23-03.36.32:612][  0]LogInit: CPU Page size=65536, Cores=4
[2017.02.23-03.36.32:612][  0]LogInit: High frequency timer resolution =3.914059 MHz
[2017.02.23-03.36.32:612][  0]LogMemory: Memory total: Physical=15.9GB (16GB approx)
[2017.02.23-03.36.32:612][  0]LogMemory: Platform Memory Stats for Windows
[2017.02.23-03.36.32:612][  0]LogMemory: Process Physical Memory: 268.37 MB used, 268.37 MB peak
[2017.02.23-03.36.32:612][  0]LogMemory: Process Virtual Memory: 265.92 MB used, 265.92 MB peak
[2017.02.23-03.36.32:612][  0]LogMemory: Physical Memory: 6691.26 MB used,  9607.25 MB free, 16298.51 MB total
[2017.02.23-03.36.32:612][  0]LogMemory: Virtual Memory: 682.09 MB used,  9607.25 MB free, 134217728.00 MB total
[2017.02.23-03.36.33:148][  0]LogTextLocalizationManager: No specific translations for ('ja-JP') exist, so ('ja') translations will be used.
[2017.02.23-03.36.33:343][  0]LogTextLocalizationManager:Warning: Loaded localization resources contain conflicting entries for (Namespace:UObjectToolTips, Key:AnimNode_AssetPlayerBase:bIgnoreForRelevancyTest):
Localization Resource: (D:/Program Files/Epic Games/UE_4.15/Engine/Content/Localization/EditorTutorials/ja/EditorTutorials.locres) Source String Hash: (319969718) Localized String: (真の場合、Relevant anim ノードはアニメーションで最も高いウェイトのものを無視します。
このノード)
Localization Resource: (D:/Program Files/Epic Games/UE_4.15/Engine/Content/Localization/Engine/ja/Engine.locres) Source String Hash: (319969718) Localized String: (真の場合、アニメーションで最も高いウェイトのものを無視するRelevant anim ノードは
このノードを無視します)
[2017.02.23-03.36.33:343][  0]LogTextLocalizationManager:Warning: Loaded localization resources contain conflicting entries for (Namespace:UObjectToolTips, Key:AnimNode_BlendSpacePlayer:bLoop):
Localization Resource: (D:/Program Files/Epic Games/UE_4.15/Engine/Content/Localization/EditorTutorials/ja/EditorTutorials.locres) Source String Hash: (2133979316) Localized String: (再生が最後まで終わった後、ループ再生するようにしますか？)
Localization Resource: (D:/Program Files/Epic Games/UE_4.15/Engine/Content/Localization/ToolTips/ja/ToolTips.locres) Source String Hash: (2133979316) Localized String: (ループが最後まで到達した時に、アニメーションのループを継続するべきか？)
[2017.02.23-03.36.33:343][  0]LogTextLocalizationManager:Warning: Loaded localization resources contain conflicting entries for (Namespace:UObjectToolTips, Key:AnimNode_BlendSpacePlayer:X):
Localization Resource: (D:/Program Files/Epic Games/UE_4.15/Engine/Content/Localization/EditorTutorials/ja/EditorTutorials.locres) Source String Hash: (2060772590) Localized String: (ブレンドスペースで値を取得するX座標)
Localization Resource: (D:/Program Files/Epic Games/UE_4.15/Engine/Content/Localization/ToolTips/ja/ToolTips.locres) Source String Hash: (2060772590) Localized String: (ブレンドスペースでサンプリングするX座標)
[2017.02.23-03.36.33:343][  0]LogTextLocalizationManager:Warning: Loaded localization resources contain conflicting entries for (Namespace:UObjectToolTips, Key:AnimNode_BlendSpacePlayer:Y):
Localization Resource: (D:/Program Files/Epic Games/UE_4.15/Engine/Content/Localization/EditorTutorials/ja/EditorTutorials.locres) Source String Hash: (-1719607538) Localized String: (ブレンドスペースで値を取得するY座標)
Localization Resource: (D:/Program Files/Epic Games/UE_4.15/Engine/Content/Localization/ToolTips/ja/ToolTips.locres) Source String Hash: (-1719607538) Localized String: (ブレンドスペースでサンプリングするY座標)
[2017.02.23-03.36.33:343][  0]LogTextLocalizationManager:Warning: Loaded localization resources contain conflicting entries for (Namespace:UObjectToolTips, Key:AnimNode_BlendSpacePlayer:Z):
Localization Resource: (D:/Program Files/Epic Games/UE_4.15/Engine/Content/Localization/EditorTutorials/ja/EditorTutorials.locres) Source String Hash: (1728943471) Localized String: (ブレンドスペースで値を取得するZ座標)
Localization Resource: (D:/Program Files/Epic Games/UE_4.15/Engine/Content/Localization/ToolTips/ja/ToolTips.locres) Source String Hash: (1728943471) Localized String: (ブレンドスペースでサンプリングするZ座標)
[2017.02.23-03.36.33:343][  0]LogTextLocalizationManager:Warning: Loaded localization resources contain conflicting entries for (Namespace:UObjectToolTips, Key:AnimNode_BlendSpacePlayer:BlendSpace):
Localization Resource: (D:/Program Files/Epic Games/UE_4.15/Engine/Content/Localization/EditorTutorials/ja/EditorTutorials.locres) Source String Hash: (1599043277) Localized String: (再生するブレンドスペースのアセット)
Localization Resource: (D:/Program Files/Epic Games/UE_4.15/Engine/Content/Localization/ToolTips/ja/ToolTips.locres) Source String Hash: (1599043277) Localized String: (再生するブレンド空間アセット)
[2017.02.23-03.36.33:343][  0]LogTextLocalizationManager:Warning: Loaded localization resources contain conflicting entries for (Namespace:UObjectToolTips, Key:AnimNode_StateMachine:MaxTransitionsPerFrame):
Localization Resource: (D:/Program Files/Epic Games/UE_4.15/Engine/Content/Localization/EditorTutorials/ja/EditorTutorials.locres) Source String Hash: (1567650430) Localized String: (このマシーンで1フレームあたりに同時に処理できるトランジションの最大数)
Localization Resource: (D:/Program Files/Epic Games/UE_4.15/Engine/Content/Localization/ToolTips/ja/ToolTips.locres) Source String Hash: (1567650430) Localized String: (単一フレームでマシーンが「同時」に受け取れる遷移の最大数)
[2017.02.23-03.36.33:343][  0]LogTextLocalizationManager:Warning: Loaded localization resources contain conflicting entries for (Namespace:UObjectToolTips, Key:AnimNode_BlendSpacePlayer:PlayRate):
Localization Resource: (D:/Program Files/Epic Games/UE_4.15/Engine/Content/Localization/EditorTutorials/ja/EditorTutorials.locres) Source String Hash: (-1274923958) Localized String: (再生速度の倍率です。負の数値も使う事ができます。その場合逆再生になります。)
Localization Resource: (D:/Program Files/Epic Games/UE_4.15/Engine/Content/Localization/ToolTips/ja/ToolTips.locres) Source String Hash: (-1274923958) Localized String: (再生レート乗数。アニメーションを逆再生する負の値にすることができます。)
[2017.02.23-03.36.33:343][  0]LogTextLocalizationManager:Warning: Loaded localization resources contain conflicting entries for (Namespace:UObjectToolTips, Key:AnimNode_SequencePlayer:bLoopAnimation):
Localization Resource: (D:/Program Files/Epic Games/UE_4.15/Engine/Content/Localization/ToolTips/ja/ToolTips.locres) Source String Hash: (2133979316) Localized String: (ループが最後まで到達した時に、アニメーションのループを継続するべきか？)
Localization Resource: (D:/Program Files/Epic Games/UE_4.15/Engine/Content/Localization/Engine/ja/Engine.locres) Source String Hash: (2133979316) Localized String: (最後に到達した時にアニメーションのループを継続しますか？)
[2017.02.23-03.36.33:343][  0]LogTextLocalizationManager:Warning: Loaded localization resources contain conflicting entries for (Namespace:UObjectToolTips, Key:AnimNode_SequencePlayer:PlayRate):
Localization Resource: (D:/Program Files/Epic Games/UE_4.15/Engine/Content/Localization/ToolTips/ja/ToolTips.locres) Source String Hash: (-1274923958) Localized String: (再生レート乗数。アニメーションを逆再生する負の値にすることができます。)
Localization Resource: (D:/Program Files/Epic Games/UE_4.15/Engine/Content/Localization/Engine/ja/Engine.locres) Source String Hash: (-1274923958) Localized String: (再生速度の倍率です。負の数値も使う事ができます。その場合逆再生になります。)
[2017.02.23-03.36.35:098][  0]LogD3D11RHI: D3D11 adapters:
[2017.02.23-03.36.35:521][  0]LogD3D11RHI:    0. 'NVIDIA GeForce GTX 980 Ti' (Feature Level 11_0)
[2017.02.23-03.36.35:521][  0]LogD3D11RHI:       6102/0/8149 MB DedicatedVideo/DedicatedSystem/SharedSystem, Outputs:3, VendorId:0x10de
[2017.02.23-03.36.35:522][  0]LogD3D11RHI:    1. 'Microsoft Basic Render Driver' (Feature Level 11_0)
[2017.02.23-03.36.35:522][  0]LogD3D11RHI:       0/0/8149 MB DedicatedVideo/DedicatedSystem/SharedSystem, Outputs:0, VendorId:0x1414
[2017.02.23-03.36.35:522][  0]LogD3D11RHI: Chosen D3D11 Adapter: 0
[2017.02.23-03.36.35:526][  0]LogD3D11RHI: Creating new Direct3DDevice
[2017.02.23-03.36.35:526][  0]LogD3D11RHI:     GPU DeviceId: 0x17c8 (for the marketing name, search the web for "GPU Device Id")
[2017.02.23-03.36.35:526][  0]LogWindows: EnumDisplayDevices:
[2017.02.23-03.36.35:526][  0]LogWindows:    0. 'NVIDIA GeForce GTX 980 Ti' (P:1 D:1)
[2017.02.23-03.36.35:526][  0]LogWindows:    1. 'NVIDIA GeForce GTX 980 Ti' (P:0 D:1)
[2017.02.23-03.36.35:526][  0]LogWindows:    2. 'NVIDIA GeForce GTX 980 Ti' (P:0 D:1)
[2017.02.23-03.36.35:526][  0]LogWindows:    3. 'NVIDIA GeForce GTX 980 Ti' (P:0 D:0)
[2017.02.23-03.36.35:526][  0]LogWindows: DebugString: FoundDriverCount:4 
[2017.02.23-03.36.35:526][  0]LogD3D11RHI:     Adapter Name: NVIDIA GeForce GTX 980 Ti
[2017.02.23-03.36.35:526][  0]LogD3D11RHI:   Driver Version: 376.53 (internal:21.21.13.7653, unified:376.53)
[2017.02.23-03.36.35:526][  0]LogD3D11RHI:      Driver Date: 12-29-2016
[2017.02.23-03.36.35:526][  0]LogRHI: Texture pool is 1361 MB (70% of 1945 MB)
[2017.02.23-03.36.35:917][  0]LogD3D11RHI: Async texture creation enabled
[2017.02.23-03.36.35:950][  0]LogD3D11RHI: GPU Timing Frequency: 1000.000000 (Debug: 2 1)
[2017.02.23-03.36.36:096][  0]LogShaderCompilers: Guid format shader working directory is -50 characters bigger than the processId version (../../../../../../Users/BelL/Documents/OnGitProjects/TwinkleStarCollection/TincleStarCollection/Intermediate/Shaders/WorkingDirectory/4596/).
[2017.02.23-03.36.36:096][  0]LogShaderCompilers: Cleaned the shader compiler working directory 'C:/Users/BelL/AppData/Local/Temp/UnrealShaderWorkingDir/5C7B303042127B5314DC92B7AA778958/'.
[2017.02.23-03.36.36:096][  0]LogShaderCompilers:Display: Using Local Shader Compiler.
[2017.02.23-03.36.38:401][  0]LogTemp:Display: Loaded TP AllDesktopTargetPlatform
[2017.02.23-03.36.38:434][  0]LogTemp:Display: Loaded TP MacClientTargetPlatform
[2017.02.23-03.36.38:467][  0]LogTemp:Display: Loaded TP MacNoEditorTargetPlatform
[2017.02.23-03.36.38:500][  0]LogTemp:Display: Loaded TP MacServerTargetPlatform
[2017.02.23-03.36.38:550][  0]LogTemp:Display: Loaded TP MacTargetPlatform
[2017.02.23-03.36.38:583][  0]LogTemp:Display: Loaded TP WindowsClientTargetPlatform
[2017.02.23-03.36.38:616][  0]LogTemp:Display: Loaded TP WindowsNoEditorTargetPlatform
[2017.02.23-03.36.38:650][  0]LogTemp:Display: Loaded TP WindowsServerTargetPlatform
[2017.02.23-03.36.38:676][  0]LogTemp:Display: Loaded TP WindowsTargetPlatform
[2017.02.23-03.36.38:711][  0]LogTemp:Display: Loaded TP AndroidTargetPlatform
[2017.02.23-03.36.38:745][  0]LogTemp:Display: Loaded TP Android_ASTCTargetPlatform
[2017.02.23-03.36.38:779][  0]LogTemp:Display: Loaded TP Android_ATCTargetPlatform
[2017.02.23-03.36.38:811][  0]LogTemp:Display: Loaded TP Android_DXTTargetPlatform
[2017.02.23-03.36.38:846][  0]LogTemp:Display: Loaded TP Android_ETC1TargetPlatform
[2017.02.23-03.36.38:879][  0]LogTemp:Display: Loaded TP Android_ETC2TargetPlatform
[2017.02.23-03.36.38:946][  0]LogTemp:Display: Loaded TP Android_MultiTargetPlatform
[2017.02.23-03.36.38:946][  0]LogTemp:Display: Loaded TP Android_PVRTCTargetPlatform
[2017.02.23-03.36.38:967][  0]LogTemp:Display: Loaded TP HTML5TargetPlatform
[2017.02.23-03.36.39:075][  0]LogTemp:Display: Loaded TP IOSTargetPlatform
[2017.02.23-03.36.39:098][  0]LogTemp:Display: Loaded TP TVOSTargetPlatform
[2017.02.23-03.36.39:180][  0]LogTemp:Display: Loaded TP LinuxClientTargetPlatform
[2017.02.23-03.36.39:213][  0]LogTemp:Display: Loaded TP LinuxNoEditorTargetPlatform
[2017.02.23-03.36.39:246][  0]LogTemp:Display: Loaded TP LinuxServerTargetPlatform
[2017.02.23-03.36.39:282][  0]LogTemp:Display: Loaded TP LinuxTargetPlatform
[2017.02.23-03.36.39:283][  0]LogTargetPlatformManager:Display: Building Assets For Windows
[2017.02.23-03.36.39:754][  0]LogDerivedDataCache:Display: Max Cache Size: 512 MB
[2017.02.23-03.36.40:091][  0]LogDerivedDataCache: Loaded boot cache 0.34s 50MB C:/Users/BelL/AppData/Local/UnrealEngine/4.15/DerivedDataCache/Boot.ddc.
[2017.02.23-03.36.40:091][  0]LogDerivedDataCache:Display: Loaded Boot cache: C:/Users/BelL/AppData/Local/UnrealEngine/4.15/DerivedDataCache/Boot.ddc
[2017.02.23-03.36.40:091][  0]LogDerivedDataCache: FDerivedDataBackendGraph:  Pak pak cache file ../../../../../../Users/BelL/Documents/OnGitProjects/TwinkleStarCollection/TincleStarCollection/DerivedDataCache/DDC.ddp not found, will not use a pak cache.
[2017.02.23-03.36.40:091][  0]LogDerivedDataCache: Unable to find inner node Pak for hierarchical cache Hierarchy.
[2017.02.23-03.36.40:091][  0]LogDerivedDataCache: FDerivedDataBackendGraph:  CompressedPak pak cache file ../../../../../../Users/BelL/Documents/OnGitProjects/TwinkleStarCollection/TincleStarCollection/DerivedDataCache/Compressed.ddp not found, will not use a pak cache.
[2017.02.23-03.36.40:091][  0]LogDerivedDataCache: Unable to find inner node CompressedPak for hierarchical cache Hierarchy.
[2017.02.23-03.36.40:117][  0]LogDerivedDataCache:Display: Pak cache opened for reading ../../../Engine/DerivedDataCache/Compressed.ddp.
[2017.02.23-03.36.40:129][  0]LogDerivedDataCache: Using Local data cache path C:/Users/BelL/AppData/Local/UnrealEngine/Common/DerivedDataCache: Writable
[2017.02.23-03.36.40:136][  0]LogSlate: Using Freetype 2.6.0
[2017.02.23-03.36.40:161][  0]LogSlate: SlateFontCache - WITH_FREETYPE: 1, WITH_HARFBUZZ: 1
[2017.02.23-03.36.40:161][  0]LogSlate: SlateFontCache - WITH_FREETYPE: 1, WITH_HARFBUZZ: 1
[2017.02.23-03.36.42:971][  0]LogInit: Selected Device Profile: [Windows]
[2017.02.23-03.36.42:973][  0]LogContentStreaming: Texture pool size is 0.00 MB
[2017.02.23-03.36.43:122][  0]LogMeshUtilities: Using QuadricMeshReduction for automatic static mesh reduction
[2017.02.23-03.36.43:178][  0]LogSimplygon: Simplygon DLL not present - disabling.
[2017.02.23-03.36.43:203][  0]LogMeshUtilities: Using SimplygonSwarm for distributed automatic mesh merging
[2017.02.23-03.36.43:203][  0]LogMeshUtilities: No automatic skeletal mesh reduction module available
[2017.02.23-03.36.43:203][  0]LogMeshUtilities: No automatic mesh merging module available
[2017.02.23-03.36.43:696][  0]LogNetVersion: GetLocalNetworkVersion: CL: 3299760, ProjectName: tinclestarcollection, ProjectVersion: , EngineNetworkVersion: 2, GameNetworkVersion: 0, NetworkChecksum: 2208433454
[2017.02.23-03.36.43:740][  0]LogAssetRegistry: FAssetRegistry took 0.0219 seconds to start up
[2017.02.23-03.36.43:905][  0]LogPackageLocalizationCache: Processed 3 localized package path(s) for 2 prioritized culture(s) in 0.153651 seconds
[2017.02.23-03.36.43:908][  0]LogUObjectArray: 32475 objects as part of root set at end of initial load.
[2017.02.23-03.36.43:908][  0]LogUObjectAllocator: 7073368 out of 0 bytes used by permanent object pool.
[2017.02.23-03.36.43:909][  0]LogUObjectArray: CloseDisregardForGC: 0/0 objects in disregard for GC pool
[2017.02.23-03.36.43:941][  0]LogInit: WinSock: version 1.1 (2.2), MaxSocks=32767, MaxUdp=65467
[2017.02.23-03.36.58:454][  0]LogTcpMessaging: Initializing TcpMessaging bridge
[2017.02.23-03.36.58:493][  0]LogUdpMessaging: Initializing bridge on interface 0.0.0.0:0 to multicast group 230.0.0.1:6666.
[2017.02.23-03.36.58:959][  0]LogMaterial: Uniform references updated for custom material expression Custom.
[2017.02.23-03.36.59:227][  0]SourceControl: 情報 ソースコントロールは無効です
[2017.02.23-03.36.59:336][  0]SourceControl: 情報 ソースコントロールは無効です
[2017.02.23-03.36.59:376][  0]SourceControl: 情報 ソースコントロールは無効です
[2017.02.23-03.36.59:431][  0]SourceControl: 情報 ソースコントロールは無効です
[2017.02.23-03.37.00:613][  0]LogEngine: Initializing Engine...
[2017.02.23-03.37.00:613][  0]LogHMD: Oculus plugin initialized. Version: 4.15.0-3299760+++UE4+Release-4.15, LibOVR: 1.11.0, SDK: 1.10.0, built Feb 14 2017, 02:10:09
[2017.02.23-03.37.00:706][  0]OCULUS: Debug: [HMDState] Using default profile default
[2017.02.23-03.37.00:706][  0]OCULUS: Info: IAD changed to 63.9mm
[2017.02.23-03.37.00:809][  0]LogAIModule: Creating AISystem for world Untitled
[2017.02.23-03.37.00:817][  0]LogInit: XAudio2 using 'スピーカー (Realtek High Definition Audio)' : 2 channels at 48 kHz using 32 bits per sample (channel mask 0x3)
[2017.02.23-03.37.00:835][  0]LogInit: FAudioDevice initialized.
[2017.02.23-03.37.00:855][  0]LogDerivedDataCache: Saved boot cache 0.02s 50MB C:/Users/BelL/AppData/Local/UnrealEngine/4.15/DerivedDataCache/Boot.ddc.
[2017.02.23-03.37.00:862][  0]LogInit: Texture streaming: Enabled
[2017.02.23-03.37.00:928][  0]LogEngineSessionManager: EngineSessionManager initialized
[2017.02.23-03.37.00:992][  0]LogInit: Transaction tracking system initialized
[2017.02.23-03.37.01:231][  0]BlueprintLog: New page: エディタの読み込み
[2017.02.23-03.37.01:937][  0]LocalizationService: 情報 ローカライズのサービスが無効になりました
[2017.02.23-03.37.02:557][  0]LogConsoleResponse:Display: 
[2017.02.23-03.37.03:661][  0]LogCook:Display: Max memory allowance for cook 16384mb min free memory 0mb
[2017.02.23-03.37.03:661][  0]LogCook:Display: Mobile HDR setting 1
[2017.02.23-03.37.04:181][  0]LogFileCache: Scanning file cache for directory 'D:/Users/BelL/Documents/OnGitProjects/TwinkleStarCollection/TincleStarCollection/Content/' took 0.01s
[2017.02.23-03.37.05:673][  0]SourceControl: 情報 ソースコントロールは無効です
[2017.02.23-03.37.05:801][  0]LogSlate: Took 0.009913 seconds to synchronously load lazily loaded font '../../../Engine/Content/Slate/Fonts/Roboto-Regular.ttf' (155K)
[2017.02.23-03.37.05:850][  0]LogSlate: Took 0.048563 seconds to synchronously load lazily loaded font '../../../Engine/Content/Slate/Fonts/DroidSansFallback.ttf' (3848K)
[2017.02.23-03.37.20:884][  0]LogWindowsTextInputMethodSystem:Display: IME system now activated using TSF (Microsoft IME).
[2017.02.23-03.37.20:894][  0]LogWindowsTextInputMethodSystem:Display: IME system now activated using TSF (Microsoft IME).
[2017.02.23-03.37.20:896][  0]Cmd: MAP LOAD FILE="../../../../../../Users/BelL/Documents/OnGitProjects/TwinkleStarCollection/TincleStarCollection/Content/GameMain.umap" TEMPLATE=0 SHOWPROGRESS=1 FEATURELEVEL=3
[2017.02.23-03.37.20:896][  0]LightingResults: New page: ライティングのビルド
[2017.02.23-03.37.20:923][  0]MapCheck: New page: マップをチェック
[2017.02.23-03.37.20:923][  0]LightingResults: New page: <何も選択されていません>
[2017.02.23-03.37.21:032][  0]LogBlueprint:Warning: [Compiler HMDLocomotionPawn] 警告  TeleportDirectionRight を取得  にインプット軸参照の不明な軸 'TeleportDirectionRight' を取得
[2017.02.23-03.37.21:032][  0]LogBlueprint:Warning: [Compiler HMDLocomotionPawn] 警告  TeleportDirectionUp を取得  にインプット軸参照の不明な軸 'TeleportDirectionUp' を取得
[2017.02.23-03.37.21:043][  0]LogBlueprint:Warning: [Compiler HMDLocomotionPawn] 警告 [0052.00] Compile of HMDLocomotionPawn successful, but with 2 Warning(s) [in 26 ms] (/Game/MazePlanet/BluePrints/HMDLocomotionPawn.HMDLocomotionPawn)
[2017.02.23-03.37.21:043][  0]LogBlueprint:Warning: [Compiler HMDLocomotionPawn] 警告 [0052.00] Compile of HMDLocomotionPawn successful, but with 3 Warning(s) [in 0 ms] (/Game/MazePlanet/BluePrints/HMDLocomotionPawn.HMDLocomotionPawn)
[2017.02.23-03.37.21:043][  0]LogBlueprint:Warning: [Compiler HMDLocomotionPawn] 警告 [0052.00] Compile of HMDLocomotionPawn successful, but with 4 Warning(s) [in 0 ms] (/Game/MazePlanet/BluePrints/HMDLocomotionPawn.HMDLocomotionPawn)
[2017.02.23-03.37.21:067][  0]LogBlueprint:Warning: [Compiler HMDLocomotionPawn] 警告  TeleportDirectionRight を取得  にインプット軸参照の不明な軸 'TeleportDirectionRight' を取得
[2017.02.23-03.37.21:067][  0]LogBlueprint:Warning: [Compiler HMDLocomotionPawn] 警告  TeleportDirectionUp を取得  にインプット軸参照の不明な軸 'TeleportDirectionUp' を取得
[2017.02.23-03.37.21:077][  0]LogBlueprint:Warning: [Compiler HMDLocomotionPawn] 警告 [0052.03] Compile of HMDLocomotionPawn successful, but with 2 Warning(s) [in 23 ms] (/Game/MazePlanet/BluePrints/HMDLocomotionPawn.HMDLocomotionPawn)
[2017.02.23-03.37.21:077][  0]LogBlueprint:Warning: [Compiler HMDLocomotionPawn] 警告 [0052.03] Compile of HMDLocomotionPawn successful, but with 3 Warning(s) [in 0 ms] (/Game/MazePlanet/BluePrints/HMDLocomotionPawn.HMDLocomotionPawn)
[2017.02.23-03.37.21:078][  0]LogBlueprint:Warning: [Compiler HMDLocomotionPawn] 警告 [0052.03] Compile of HMDLocomotionPawn successful, but with 4 Warning(s) [in 0 ms] (/Game/MazePlanet/BluePrints/HMDLocomotionPawn.HMDLocomotionPawn)
[2017.02.23-03.37.22:042][  0]LogClass:Warning: Enum '/Game/MazePlanet/BluePrints/MainGameScene/InGameState.InGameState' was upgraded to use FText to store its display name data. Please re-save this asset to avoid issues with localization and determinstic cooking.
[2017.02.23-03.37.22:258][  0]LogAIModule: Creating AISystem for world GameMain
[2017.02.23-03.37.22:281][  0]LogEditorServer: Finished looking for orphan Actors (0.000 secs)
[2017.02.23-03.37.22:282][  0]Cmd: MAP CHECKDEP NOCLEARLOG
[2017.02.23-03.37.22:312][  0]MapCheck: 情報 マップチェックが完了: 0 エラー、 0 警告、完了に 30.064ミリ秒かかりました。
[2017.02.23-03.37.22:312][  0]LogFileHelpers: Loading map 'GameMain' took 1.416
[2017.02.23-03.37.22:532][  0]LogStats:Warning: MetaData mismatch. Did you assign a stat to two groups? New //STATGROUP_Threads//SplashScreenThread///Thread_1c40_0///####STATCAT_Advanced#### old //STATGROUP_Threads//SplashScreenThread///Thread_101c_0///####STATCAT_Advanced####
[2017.02.23-03.37.22:532][  0]LogCollectionManager: Loaded 0 collections in 0.000624 seconds
[2017.02.23-03.37.22:604][  0]LogFileCache: Scanning file cache for directory 'D:/Users/BelL/Documents/OnGitProjects/TwinkleStarCollection/TincleStarCollection/Saved/Collections/' took 0.01s
[2017.02.23-03.37.22:604][  0]LogFileCache: Scanning file cache for directory 'D:/Users/BelL/Documents/OnGitProjects/TwinkleStarCollection/TincleStarCollection/Content/Developers/BelL/Collections/' took 0.01s
[2017.02.23-03.37.22:604][  0]LogFileCache: Scanning file cache for directory 'D:/Users/BelL/Documents/OnGitProjects/TwinkleStarCollection/TincleStarCollection/Content/Collections/' took 0.01s
[2017.02.23-03.37.22:604][  0]LogCollectionManager: Rebuilt the GUID cache for 0 collections in 0.000001 seconds
[2017.02.23-03.37.22:611][  0]LogContentBrowser: Native class hierarchy populated in 0.0066 seconds. Added 2244 classes and 450 folders.
[2017.02.23-03.37.22:613][  0]LogStats: UGameplayTagsManager::ConstructGameplayTagTree: Construct from data asset -  0.000 s
[2017.02.23-03.37.22:613][  0]LogStats: UGameplayTagsManager::ConstructGameplayTagTree: GameplayTagTreeChangedEvent.Broadcast -  0.000 s
[2017.02.23-03.37.22:646][  0]LogContentBrowser: Native class hierarchy updated for 'WidgetCarousel' in 0.0004 seconds. Added 0 classes and 0 folders.
[2017.02.23-03.37.23:517][  0]LogContentBrowser: Native class hierarchy updated for 'AddContentDialog' in 0.0004 seconds. Added 0 classes and 0 folders.
[2017.02.23-03.37.23:570][  0]LogContentBrowser: Native class hierarchy updated for 'SceneOutliner' in 0.0006 seconds. Added 1 classes and 2 folders.
[2017.02.23-03.37.23:719][  0]LogCrashTracker: Crashtracker disabled due to settings.
[2017.02.23-03.37.23:727][  0]LogUObjectGlobals:Warning: オブジェクト 'Class なし.' が見つかりませんでした
[2017.02.23-03.37.23:796][  0]LogContentBrowser: Native class hierarchy updated for 'HierarchicalLODOutliner' in 0.0004 seconds. Added 1 classes and 2 folders.
[2017.02.23-03.37.23:796][  0]LogLoad: (Engine Initialization) Total time: 54.75 seconds
[2017.02.23-03.37.23:796][  0]LogLoad: (Engine Initialization) Total Blueprint compile time: 0.45 seconds
[2017.02.23-03.37.23:796][  0]LogExternalProfiler: Found external profiler: VSPerf
[2017.02.23-03.37.23:796][  0]LogExternalProfiler: Using external profiler: VSPerf
[2017.02.23-03.37.24:140][  0]LogOcInput: OculusInput pre-init called
[2017.02.23-03.37.24:151][  0]LogOcInput: OculusInput is initialized. Init status 0. Runtime version: 1.11.0
[2017.02.23-03.37.24:172][  0]LogContentStreaming: Texture pool size now 1000 MB
[2017.02.23-03.37.24:189][  0]LogSlate: Took 0.015470 seconds to synchronously load lazily loaded font '../../../Engine/Content/Slate/Fonts/Roboto-Bold.ttf' (160K)
[2017.02.23-03.37.24:211][  0]LogSlate: Took 0.018379 seconds to synchronously load lazily loaded font '../../../Engine/Content/Editor/Slate/Fonts/FontAwesome.ttf' (139K)
[2017.02.23-03.37.24:387][  0]LogSlate: Took 0.010856 seconds to synchronously load lazily loaded font '../../../Engine/Content/Slate/Fonts/Roboto-Light.ttf' (159K)
[2017.02.23-03.37.24:463][  1]LogRenderer: Reallocating scene render targets to support 836x392 NumSamples 1 (Frame:2).
[2017.02.23-03.37.24:486][  1]LogAssetRegistry: Asset discovery search completed in 40.7674 seconds
[2017.02.23-03.37.24:486][  1]LogCollectionManager: Rebuilt the object cache for 0 collections in 0.000005 seconds (found 0 objects)
[2017.02.23-03.37.24:486][  1]LogCollectionManager: Fixed up redirectors for 0 collections in 0.000016 seconds (updated 0 objects)
[2017.02.23-03.37.25:142][  3]LogSlate: Took 0.000136 seconds to synchronously load lazily loaded font '../../../Engine/Content/Slate/Fonts/Roboto-Light.ttf' (159K)
[2017.02.23-03.37.27:435][183]LogWindowsTextInputMethodSystem:Display: IME system now activated using TSF (Microsoft IME).
[2017.02.23-03.37.27:675][184]Cmd: QUIT_EDITOR
[2017.02.23-03.37.27:947][184]LogExit: Preparing to exit.
[2017.02.23-03.37.28:797][184]LogDirectoryWatcher: A directory notification for 'D:/Users/BelL/Documents/OnGitProjects/TwinkleStarCollection/TincleStarCollection/Content/' was aborted.
[2017.02.23-03.37.28:887][184]LogExit: Editor shut down
[2017.02.23-03.37.28:888][184]LogExit: Transaction tracking system shut down
[2017.02.23-03.37.29:703][184]LogObj: Freed 0b from 0 cluster array pools.
[2017.02.23-03.37.29:703][184]LogExit: Object subsystem successfully closed.
[2017.02.23-03.37.29:839][184]LogD3D11RHI: Shutdown
[2017.02.23-03.37.29:839][184]LogD3D11RHI: CleanupD3DDevice
[2017.02.23-03.37.29:945][184]LogD3D11RHI: ~FD3D11DynamicRHI
[2017.02.23-03.37.30:456][184]LogModuleManager: Shutting down and abandoning module HierarchicalLODOutliner (496)
[2017.02.23-03.37.30:466][184]LogModuleManager: Shutting down and abandoning module CrashTracker (494)
[2017.02.23-03.37.30:466][184]LogModuleManager: Shutting down and abandoning module SceneOutliner (492)
[2017.02.23-03.37.30:466][184]LogModuleManager: Shutting down and abandoning module AddContentDialog (490)
[2017.02.23-03.37.30:466][184]LogDirectoryWatcher: A directory notification for 'D:/Program Files/Epic Games/UE_4.15/FeaturePacks/' was aborted.
[2017.02.23-03.37.30:467][184]LogModuleManager: Shutting down and abandoning module WidgetCarousel (489)
[2017.02.23-03.37.30:467][184]LogModuleManager: Shutting down and abandoning module EditorWidgets (486)
[2017.02.23-03.37.30:467][184]LogModuleManager: Shutting down and abandoning module CollectionManager (484)
[2017.02.23-03.37.30:486][184]LogDirectoryWatcher: A directory notification for 'D:/Users/BelL/Documents/OnGitProjects/TwinkleStarCollection/TincleStarCollection/Content/Collections/' was aborted.
[2017.02.23-03.37.30:486][184]LogDirectoryWatcher: A directory notification for 'D:/Users/BelL/Documents/OnGitProjects/TwinkleStarCollection/TincleStarCollection/Content/Developers/BelL/Collections/' was aborted.
[2017.02.23-03.37.30:486][184]LogDirectoryWatcher: A directory notification for 'D:/Users/BelL/Documents/OnGitProjects/TwinkleStarCollection/TincleStarCollection/Saved/Collections/' was aborted.
[2017.02.23-03.37.30:486][184]LogModuleManager: Shutting down and abandoning module StatsViewer (482)
[2017.02.23-03.37.30:495][184]LogModuleManager: Shutting down and abandoning module FoliageEdit (480)
[2017.02.23-03.37.30:495][184]LogModuleManager: Shutting down and abandoning module LandscapeEditor (478)
[2017.02.23-03.37.30:501][184]LogModuleManager: Shutting down and abandoning module SceneDepthPickerMode (476)
[2017.02.23-03.37.30:501][184]LogModuleManager: Shutting down and abandoning module ActorPickerMode (474)
[2017.02.23-03.37.30:501][184]LogModuleManager: Shutting down and abandoning module GeometryMode (472)
[2017.02.23-03.37.30:501][184]LogModuleManager: Shutting down and abandoning module TextureAlignMode (470)
[2017.02.23-03.37.30:501][184]LogModuleManager: Shutting down and abandoning module BspMode (468)
[2017.02.23-03.37.30:507][184]LogModuleManager: Shutting down and abandoning module HardwareSurvey (466)
[2017.02.23-03.37.30:507][184]LogModuleManager: Shutting down and abandoning module SequenceRecorderSections (464)
[2017.02.23-03.37.30:507][184]LogModuleManager: Shutting down and abandoning module AutomationWorker (462)
[2017.02.23-03.37.30:516][184]LogModuleManager: Shutting down and abandoning module MatineeToLevelSequence (460)
[2017.02.23-03.37.30:516][184]LogModuleManager: Shutting down and abandoning module LevelSequenceEditor (458)
[2017.02.23-03.37.30:546][184]LogModuleManager: Shutting down and abandoning module PlacementMode (457)
[2017.02.23-03.37.30:546][184]LogModuleManager: Shutting down and abandoning module WmfMediaFactory (454)
[2017.02.23-03.37.30:546][184]LogModuleManager: Shutting down and abandoning module WmfMediaEditor (452)
[2017.02.23-03.37.30:546][184]LogModuleManager: Shutting down and abandoning module MfMediaFactory (450)
[2017.02.23-03.37.30:546][184]LogModuleManager: Shutting down and abandoning module MfMediaEditor (448)
[2017.02.23-03.37.30:546][184]LogModuleManager: Shutting down and abandoning module AvfMediaFactory (446)
[2017.02.23-03.37.30:546][184]LogModuleManager: Shutting down and abandoning module AvfMediaEditor (444)
[2017.02.23-03.37.30:546][184]LogModuleManager: Shutting down and abandoning module AndroidMediaFactory (442)
[2017.02.23-03.37.30:546][184]LogModuleManager: Shutting down and abandoning module Media (441)
[2017.02.23-03.37.30:546][184]LogModuleManager: Shutting down and abandoning module AndroidMediaEditor (438)
[2017.02.23-03.37.30:546][184]LogModuleManager: Shutting down and abandoning module CharacterAI (436)
[2017.02.23-03.37.30:546][184]LogModuleManager: Shutting down and abandoning module AudioCapture (434)
[2017.02.23-03.37.30:546][184]LogModuleManager: Shutting down and abandoning module SequenceRecorder (433)
[2017.02.23-03.37.30:582][184]LogModuleManager: Shutting down and abandoning module SmartSnapping (430)
[2017.02.23-03.37.30:582][184]LogModuleManager: Shutting down and abandoning module SessionServices (428)
[2017.02.23-03.37.30:582][184]LogModuleManager: Shutting down and abandoning module ViewportSnapping (426)
[2017.02.23-03.37.30:582][184]LogModuleManager: Shutting down and abandoning module ViewportInteraction (424)
[2017.02.23-03.37.30:582][184]LogModuleManager: Shutting down and abandoning module LogVisualizer (422)
[2017.02.23-03.37.30:592][184]LogModuleManager: Shutting down and abandoning module IntroTutorials (420)
[2017.02.23-03.37.30:602][184]LogModuleManager: Shutting down and abandoning module GameProjectGeneration (419)
[2017.02.23-03.37.30:614][184]LogModuleManager: Shutting down and abandoning module EditorLiveStreaming (416)
[2017.02.23-03.37.30:614][184]LogModuleManager: Shutting down and abandoning module IOSPlatformEditor (414)
[2017.02.23-03.37.30:614][184]LogModuleManager: Shutting down and abandoning module HTML5PlatformEditor (412)
[2017.02.23-03.37.30:614][184]LogModuleManager: Shutting down and abandoning module AndroidPlatformEditor (410)
[2017.02.23-03.37.30:614][184]LogModuleManager: Shutting down and abandoning module AndroidDeviceDetection (409)
[2017.02.23-03.37.31:319][184]LogModuleManager: Shutting down and abandoning module IOSRuntimeSettings (406)
[2017.02.23-03.37.31:319][184]LogModuleManager: Shutting down and abandoning module AndroidRuntimeSettings (404)
[2017.02.23-03.37.31:319][184]LogModuleManager: Shutting down and abandoning module InputBindingEditor (402)
[2017.02.23-03.37.31:319][184]LogModuleManager: Shutting down and abandoning module NiagaraEditor (400)
[2017.02.23-03.37.31:340][184]LogModuleManager: Shutting down and abandoning module MergeActors (398)
[2017.02.23-03.37.31:345][184]LogModuleManager: Shutting down and abandoning module SizeMap (396)
[2017.02.23-03.37.31:345][184]LogModuleManager: Shutting down and abandoning module TreeMap (394)
[2017.02.23-03.37.31:346][184]LogModuleManager: Shutting down and abandoning module ReferenceViewer (392)
[2017.02.23-03.37.31:346][184]LogModuleManager: Shutting down and abandoning module LocalizationDashboard (390)
[2017.02.23-03.37.31:357][184]LogModuleManager: Shutting down and abandoning module LocalizationService (389)
[2017.02.23-03.37.31:376][184]LogModuleManager: Shutting down and abandoning module HardwareTargeting (386)
[2017.02.23-03.37.31:382][184]LogModuleManager: Shutting down and abandoning module DeviceProfileEditor (384)
[2017.02.23-03.37.31:394][184]LogModuleManager: Shutting down and abandoning module UndoHistory (382)
[2017.02.23-03.37.31:403][184]LogModuleManager: Shutting down and abandoning module UserFeedback (380)
[2017.02.23-03.37.31:403][184]LogModuleManager: Shutting down and abandoning module XmlParser (378)
[2017.02.23-03.37.31:403][184]LogModuleManager: Shutting down and abandoning module Blutility (376)
[2017.02.23-03.37.31:410][184]LogModuleManager: Shutting down and abandoning module ProjectSettingsViewer (374)
[2017.02.23-03.37.31:410][184]LogModuleManager: Shutting down and abandoning module ProjectTargetPlatformEditor (373)
[2017.02.23-03.37.31:410][184]LogModuleManager: Shutting down and abandoning module EditorSettingsViewer (370)
[2017.02.23-03.37.31:410][184]LogModuleManager: Shutting down and abandoning module SettingsEditor (368)
[2017.02.23-03.37.31:410][184]LogModuleManager: Shutting down and abandoning module ProjectLauncher (366)
[2017.02.23-03.37.31:426][184]LogModuleManager: Shutting down and abandoning module SessionFrontend (364)
[2017.02.23-03.37.31:446][184]LogModuleManager: Shutting down and abandoning module ProfilerClient (362)
[2017.02.23-03.37.31:446][184]LogModuleManager: Shutting down and abandoning module DeviceManager (360)
[2017.02.23-03.37.31:457][184]LogModuleManager: Shutting down and abandoning module TargetDeviceServices (359)
[2017.02.23-03.37.31:500][184]LogModuleManager: Shutting down and abandoning module AutomationController (356)
[2017.02.23-03.37.31:513][184]LogModuleManager: Shutting down and abandoning module AutomationWindow (354)
[2017.02.23-03.37.31:531][184]LogModuleManager: Shutting down and abandoning module Layers (352)
[2017.02.23-03.37.31:550][184]LogModuleManager: Shutting down and abandoning module ComponentVisualizers (350)
[2017.02.23-03.37.31:550][184]LogModuleManager: Shutting down and abandoning module DetailCustomizations (348)
[2017.02.23-03.37.31:558][184]LogModuleManager: Shutting down and abandoning module PackagesDialog (346)
[2017.02.23-03.37.31:558][184]LogModuleManager: Shutting down and abandoning module Persona (344)
[2017.02.23-03.37.31:583][184]LogModuleManager: Shutting down and abandoning module AnimGraph (343)
[2017.02.23-03.37.31:583][184]LogModuleManager: Shutting down and abandoning module Kismet (340)
[2017.02.23-03.37.31:584][184]LogModuleManager: Shutting down and abandoning module GraphEditor (338)
[2017.02.23-03.37.31:584][184]LogModuleManager: Shutting down and abandoning module ClassViewer (336)
[2017.02.23-03.37.31:584][184]LogModuleManager: Shutting down and abandoning module Toolbox (334)
[2017.02.23-03.37.31:584][184]LogModuleManager: Shutting down and abandoning module ModuleUI (332)
[2017.02.23-03.37.31:585][184]LogModuleManager: Shutting down and abandoning module MovieSceneTools (330)
[2017.02.23-03.37.31:585][184]LogModuleManager: Shutting down and abandoning module OutputLog (328)
[2017.02.23-03.37.31:590][184]LogModuleManager: Shutting down and abandoning module GammaUI (326)
[2017.02.23-03.37.31:591][184]LogModuleManager: Shutting down and abandoning module Documentation (324)
[2017.02.23-03.37.31:591][184]LogModuleManager: Shutting down and abandoning module Niagara (322)
[2017.02.23-03.37.31:591][184]LogModuleManager: Shutting down and abandoning module StreamingPauseRendering (320)
[2017.02.23-03.37.31:591][184]LogModuleManager: Shutting down and abandoning module AnalyticsET (318)
[2017.02.23-03.37.31:591][184]LogModuleManager: Shutting down and abandoning module PortalServices (316)
[2017.02.23-03.37.31:591][184]LogModuleManager: Shutting down and abandoning module PortalRpc (314)
[2017.02.23-03.37.31:591][184]LogModuleManager: Shutting down and abandoning module MessagingRpc (312)
[2017.02.23-03.37.31:591][184]LogModuleManager: Shutting down and abandoning module AIModule (310)
[2017.02.23-03.37.31:591][184]LogModuleManager: Shutting down and abandoning module GameplayDebugger (309)
[2017.02.23-03.37.31:603][184]LogModuleManager: Shutting down and abandoning module AITestSuite (307)
[2017.02.23-03.37.31:603][184]LogModuleManager: Shutting down and abandoning module ProfilerService (304)
[2017.02.23-03.37.31:618][184]LogModuleManager: Shutting down and abandoning module TaskGraph (302)
[2017.02.23-03.37.31:634][184]LogModuleManager: Shutting down and abandoning module SteamVRController (300)
[2017.02.23-03.37.31:634][184]LogModuleManager: Shutting down and abandoning module SteamVR (298)
[2017.02.23-03.37.31:634][184]LogModuleManager: Shutting down and abandoning module ProceduralMeshComponentEditor (296)
[2017.02.23-03.37.31:634][184]LogModuleManager: Shutting down and abandoning module ProceduralMeshComponent (294)
[2017.02.23-03.37.31:642][184]LogModuleManager: Shutting down and abandoning module OculusLibrary (292)
[2017.02.23-03.37.31:642][184]LogModuleManager: Shutting down and abandoning module OculusInput (290)
[2017.02.23-03.37.31:642][184]LogModuleManager: Shutting down and abandoning module MobilePatchingUtils (288)
[2017.02.23-03.37.31:642][184]LogModuleManager: Shutting down and abandoning module CustomMeshComponent (286)
[2017.02.23-03.37.31:642][184]LogModuleManager: Shutting down and abandoning module CableComponent (284)
[2017.02.23-03.37.31:642][184]LogModuleManager: Shutting down and abandoning module ArchVisCharacter (282)
[2017.02.23-03.37.31:642][184]LogModuleManager: Shutting down and abandoning module MediaPlayerEditor (278)
[2017.02.23-03.37.31:668][184]LogModuleManager: Shutting down and abandoning module HTML5Networking (276)
[2017.02.23-03.37.31:668][184]LogModuleManager: Shutting down and abandoning module AlembicImporter (274)
[2017.02.23-03.37.31:678][184]LogModuleManager: Shutting down and abandoning module AlembicLibrary (273)
[2017.02.23-03.37.31:678][184]LogModuleManager: Shutting down and abandoning module GeometryCache (272)
[2017.02.23-03.37.31:678][184]LogModuleManager: Shutting down and abandoning module GeometryCacheEd (271)
[2017.02.23-03.37.31:678][184]LogModuleManager: Shutting down and abandoning module SuperSearchEditor (266)
[2017.02.23-03.37.31:678][184]LogModuleManager: Shutting down and abandoning module SuperSearch (265)
[2017.02.23-03.37.31:678][184]LogModuleManager: Shutting down and abandoning module SpeedTreeImporter (262)
[2017.02.23-03.37.31:678][184]LogModuleManager: Shutting down and abandoning module PluginBrowser (260)
[2017.02.23-03.37.31:702][184]LogModuleManager: Shutting down and abandoning module MobileLauncherProfileWizard (258)
[2017.02.23-03.37.31:719][184]LogModuleManager: Shutting down and abandoning module EpicSurvey (256)
[2017.02.23-03.37.31:719][184]LogModuleManager: Shutting down and abandoning module VisualStudioSourceCodeAccess (254)
[2017.02.23-03.37.31:719][184]LogModuleManager: Shutting down and abandoning module DesktopPlatform (253)
[2017.02.23-03.37.31:719][184]LogModuleManager: Shutting down and abandoning module UObjectPlugin (250)
[2017.02.23-03.37.31:719][184]LogModuleManager: Shutting down and abandoning module SubversionSourceControl (248)
[2017.02.23-03.37.31:729][184]LogModuleManager: Shutting down and abandoning module PerforceSourceControl (246)
[2017.02.23-03.37.31:738][184]LogModuleManager: Shutting down and abandoning module GitSourceControl (244)
[2017.02.23-03.37.31:742][184]LogModuleManager: Shutting down and abandoning module SourceControl (243)
[2017.02.23-03.37.31:754][184]LogModuleManager: Shutting down and abandoning module LightPropagationVolumeEditor (240)
[2017.02.23-03.37.31:754][184]LogModuleManager: Shutting down and abandoning module PaperTiledImporter (238)
[2017.02.23-03.37.31:754][184]LogModuleManager: Shutting down and abandoning module PaperSpriteSheetImporter (236)
[2017.02.23-03.37.31:754][184]LogModuleManager: Shutting down and abandoning module Paper2DEditor (234)
[2017.02.23-03.37.31:762][184]LogModuleManager: Shutting down and abandoning module MeshPaint (233)
[2017.02.23-03.37.31:770][184]LogModuleManager: Shutting down and abandoning module LevelEditor (231)
[2017.02.23-03.37.31:778][184]LogModuleManager: Shutting down and abandoning module PixelInspectorModule (230)
[2017.02.23-03.37.31:794][184]LogModuleManager: Shutting down and abandoning module MainFrame (228)
[2017.02.23-03.37.31:794][184]LogModuleManager: Shutting down and abandoning module HotReload (227)
[2017.02.23-03.37.31:804][184]LogModuleManager: Shutting down and abandoning module ContentBrowser (223)
[2017.02.23-03.37.31:805][184]LogModuleManager: Shutting down and abandoning module PhysXVehiclesEditor (220)
[2017.02.23-03.37.31:814][184]LogModuleManager: Shutting down and abandoning module PhysXVehicles (218)
[2017.02.23-03.37.31:814][184]LogModuleManager: Shutting down and abandoning module LocationServicesBPLibrary (216)
[2017.02.23-03.37.31:814][184]LogModuleManager: Shutting down and abandoning module UdpMessaging (214)
[2017.02.23-03.37.31:915][184]LogModuleManager: Shutting down and abandoning module TcpMessaging (212)
[2017.02.23-03.37.32:019][184]LogModuleManager: Shutting down and abandoning module GameplayTagsEditor (210)
[2017.02.23-03.37.32:036][184]LogModuleManager: Shutting down and abandoning module FacialAnimationEditor (208)
[2017.02.23-03.37.32:040][184]LogModuleManager: Shutting down and abandoning module FacialAnimation (206)
[2017.02.23-03.37.32:040][184]LogModuleManager: Shutting down and abandoning module LightPropagationVolumeRuntime (204)
[2017.02.23-03.37.32:040][184]LogModuleManager: Shutting down and abandoning module Paper2D (202)
[2017.02.23-03.37.32:044][184]LogModuleManager: Shutting down and abandoning module WindowsMoviePlayer (200)
[2017.02.23-03.37.32:044][184]LogModuleManager: Shutting down and abandoning module WmfMedia (198)
[2017.02.23-03.37.32:045][184]LogModuleManager: Shutting down and abandoning module MfMedia (196)
[2017.02.23-03.37.32:045][184]LogModuleManager: Shutting down and abandoning module MediaAssets (194)
[2017.02.23-03.37.32:045][184]LogModuleManager: Shutting down and abandoning module GameLiveStreaming (192)
[2017.02.23-03.37.32:047][184]LogModuleManager: Shutting down and abandoning module VREditor (190)
[2017.02.23-03.37.32:047][184]LogModuleManager: Shutting down and abandoning module GameplayTasksEditor (188)
[2017.02.23-03.37.32:047][184]LogModuleManager: Shutting down and abandoning module BehaviorTreeEditor (186)
[2017.02.23-03.37.32:071][184]LogModuleManager: Shutting down and abandoning module FunctionalTesting (184)
[2017.02.23-03.37.32:071][184]LogModuleManager: Shutting down and abandoning module CollisionAnalyzer (182)
[2017.02.23-03.37.32:080][184]LogModuleManager: Shutting down and abandoning module UMG (180)
[2017.02.23-03.37.32:087][184]LogModuleManager: Shutting down and abandoning module UMGEditor (179)
[2017.02.23-03.37.32:115][184]LogModuleManager: Shutting down and abandoning module Sequencer (178)
[2017.02.23-03.37.32:133][184]LogModuleManager: Shutting down and abandoning module AssetTools (176)
[2017.02.23-03.37.32:160][184]LogModuleManager: Shutting down and abandoning module MessageLog (175)
[2017.02.23-03.37.32:160][184]LogModuleManager: Shutting down and abandoning module WorkspaceMenuStructure (174)
[2017.02.23-03.37.32:160][184]LogModuleManager: Shutting down and abandoning module SlateReflector (168)
[2017.02.23-03.37.32:181][184]LogModuleManager: Shutting down and abandoning module Slate (166)
[2017.02.23-03.37.32:181][184]LogModuleManager: Shutting down and abandoning module EditorStyle (164)
[2017.02.23-03.37.32:182][184]LogModuleManager: Shutting down and abandoning module SourceCodeAccess (162)
[2017.02.23-03.37.32:186][184]LogModuleManager: Shutting down and abandoning module HeadMountedDisplay (160)
[2017.02.23-03.37.32:186][184]LogModuleManager: Shutting down and abandoning module XAudio2 (158)
[2017.02.23-03.37.32:186][184]LogModuleManager: Shutting down and abandoning module Networking (156)
[2017.02.23-03.37.32:186][184]LogModuleManager: Shutting down and abandoning module Core (152)
[2017.02.23-03.37.32:186][184]LogModuleManager: Shutting down and abandoning module AssetRegistry (150)
[2017.02.23-03.37.32:361][184]LogDirectoryWatcher: A directory notification for '../../../Engine/Content/' was aborted.
[2017.02.23-03.37.32:361][184]LogDirectoryWatcher: A directory notification for '../../../../../../Users/BelL/Documents/OnGitProjects/TwinkleStarCollection/TincleStarCollection/Content/' was aborted.
[2017.02.23-03.37.32:362][184]LogDirectoryWatcher: A directory notification for '../../../Engine/Plugins/2D/Paper2D/Content/' was aborted.
[2017.02.23-03.37.32:375][184]LogModuleManager: Shutting down and abandoning module DirectoryWatcher (149)
[2017.02.23-03.37.32:376][184]LogModuleManager: Shutting down and abandoning module KismetCompiler (146)
[2017.02.23-03.37.32:376][184]LogModuleManager: Shutting down and abandoning module PhysXFormats (144)
[2017.02.23-03.37.32:376][184]LogModuleManager: Shutting down and abandoning module MeshUtilities (142)
[2017.02.23-03.37.32:392][184]LogModuleManager: Shutting down and abandoning module SimplygonSwarm (141)
[2017.02.23-03.37.32:410][184]LogModuleManager: Shutting down and abandoning module SimplygonMeshReduction (139)
[2017.02.23-03.37.32:410][184]LogModuleManager: Shutting down and abandoning module QuadricMeshReduction (137)
[2017.02.23-03.37.32:410][184]LogModuleManager: Shutting down and abandoning module PropertyEditor (135)
[2017.02.23-03.37.32:410][184]LogModuleManager: Shutting down and abandoning module DerivedDataCache (132)
[2017.02.23-03.37.32:660][184]LogDerivedDataCache: Shutdown
[2017.02.23-03.37.32:660][184]LogModuleManager: Shutting down and abandoning module TargetPlatform (130)
[2017.02.23-03.37.32:660][184]LogModuleManager: Shutting down and abandoning module VulkanShaderFormat (129)
[2017.02.23-03.37.32:672][184]LogModuleManager: Shutting down and abandoning module ShaderFormatOpenGL (127)
[2017.02.23-03.37.32:688][184]LogModuleManager: Shutting down and abandoning module ShaderFormatD3D (125)
[2017.02.23-03.37.32:688][184]LogModuleManager: Shutting down and abandoning module MetalShaderFormat (123)
[2017.02.23-03.37.32:704][184]LogModuleManager: Shutting down and abandoning module TextureFormatUncompressed (121)
[2017.02.23-03.37.32:704][184]LogModuleManager: Shutting down and abandoning module TextureFormatPVR (119)
[2017.02.23-03.37.32:704][184]LogModuleManager: Shutting down and abandoning module TextureFormatDXT (117)
[2017.02.23-03.37.32:704][184]LogModuleManager: Shutting down and abandoning module TextureFormatIntelISPCTexComp (115)
[2017.02.23-03.37.32:704][184]LogModuleManager: Shutting down and abandoning module TextureFormatASTC (113)
[2017.02.23-03.37.32:704][184]LogModuleManager: Shutting down and abandoning module ImageWrapper (112)
[2017.02.23-03.37.32:704][184]LogModuleManager: Shutting down and abandoning module TextureFormatAndroid (109)
[2017.02.23-03.37.32:704][184]LogModuleManager: Shutting down and abandoning module AudioFormatOpus (107)
[2017.02.23-03.37.32:710][184]LogModuleManager: Shutting down and abandoning module AudioFormatOgg (105)
[2017.02.23-03.37.32:710][184]LogModuleManager: Shutting down and abandoning module AudioFormatADPCM (103)
[2017.02.23-03.37.32:710][184]LogModuleManager: Shutting down and abandoning module LinuxTargetPlatform (101)
[2017.02.23-03.37.32:710][184]LogModuleManager: Shutting down and abandoning module LinuxServerTargetPlatform (99)
[2017.02.23-03.37.32:710][184]LogModuleManager: Shutting down and abandoning module LinuxNoEditorTargetPlatform (97)
[2017.02.23-03.37.32:710][184]LogModuleManager: Shutting down and abandoning module LinuxClientTargetPlatform (95)
[2017.02.23-03.37.32:710][184]LogModuleManager: Shutting down and abandoning module TVOSTargetPlatform (93)
[2017.02.23-03.37.32:710][184]LogModuleManager: Shutting down and abandoning module Messaging (91)
[2017.02.23-03.37.32:710][184]LogModuleManager: Shutting down and abandoning module IOSTargetPlatform (89)
[2017.02.23-03.37.32:710][184]LogModuleManager: Shutting down and abandoning module HTML5TargetPlatform (87)
[2017.02.23-03.37.32:710][184]LogModuleManager: Shutting down and abandoning module Android_PVRTCTargetPlatform (85)
[2017.02.23-03.37.32:710][184]LogModuleManager: Shutting down and abandoning module Android_MultiTargetPlatform (83)
[2017.02.23-03.37.32:710][184]LogModuleManager: Shutting down and abandoning module Android_ETC2TargetPlatform (81)
[2017.02.23-03.37.32:710][184]LogModuleManager: Shutting down and abandoning module Android_ETC1TargetPlatform (79)
[2017.02.23-03.37.32:710][184]LogModuleManager: Shutting down and abandoning module Android_DXTTargetPlatform (77)
[2017.02.23-03.37.32:710][184]LogModuleManager: Shutting down and abandoning module Android_ATCTargetPlatform (75)
[2017.02.23-03.37.32:710][184]LogModuleManager: Shutting down and abandoning module Android_ASTCTargetPlatform (73)
[2017.02.23-03.37.32:710][184]LogModuleManager: Shutting down and abandoning module AndroidTargetPlatform (71)
[2017.02.23-03.37.32:710][184]LogModuleManager: Shutting down and abandoning module WindowsTargetPlatform (69)
[2017.02.23-03.37.32:710][184]LogModuleManager: Shutting down and abandoning module WindowsServerTargetPlatform (67)
[2017.02.23-03.37.32:710][184]LogModuleManager: Shutting down and abandoning module WindowsNoEditorTargetPlatform (65)
[2017.02.23-03.37.32:710][184]LogModuleManager: Shutting down and abandoning module WindowsClientTargetPlatform (63)
[2017.02.23-03.37.32:710][184]LogModuleManager: Shutting down and abandoning module MacTargetPlatform (61)
[2017.02.23-03.37.32:710][184]LogModuleManager: Shutting down and abandoning module MacServerTargetPlatform (59)
[2017.02.23-03.37.32:710][184]LogModuleManager: Shutting down and abandoning module MacNoEditorTargetPlatform (57)
[2017.02.23-03.37.32:710][184]LogModuleManager: Shutting down and abandoning module MacClientTargetPlatform (55)
[2017.02.23-03.37.32:710][184]LogModuleManager: Shutting down and abandoning module AllDesktopTargetPlatform (53)
[2017.02.23-03.37.32:710][184]LogModuleManager: Shutting down and abandoning module InputCore (50)
[2017.02.23-03.37.32:710][184]LogModuleManager: Shutting down and abandoning module Settings (48)
[2017.02.23-03.37.32:710][184]LogModuleManager: Shutting down and abandoning module OculusRift (46)
[2017.02.23-03.37.32:711][184]LogHMD: Oculus shutdown.
[2017.02.23-03.37.32:711][184]LogModuleManager: Shutting down and abandoning module ExampleDeviceProfileSelector (44)
[2017.02.23-03.37.32:711][184]LogModuleManager: Shutting down and abandoning module OnlineBlueprintSupport (42)
[2017.02.23-03.37.32:711][184]LogModuleManager: Shutting down and abandoning module OnlineSubsystem (38)
[2017.02.23-03.37.32:711][184]LogOnline:Display: Unloading online subsystem: NULL
[2017.02.23-03.37.32:733][184]LogModuleManager: Shutting down and abandoning module XMPP (37)
[2017.02.23-03.37.32:742][184]LogModuleManager: Shutting down and abandoning module HTTP (35)
[2017.02.23-03.37.32:749][184]LogHttp:Display: Http module shutting down, but needs to wait on 1 outstanding Http requests:
[2017.02.23-03.37.32:749][184]LogHttp:Display: 	verb=[POST] url=[https://datarouter.ol.epicgames.com/datarouter/api/v1/public/data?SessionID=%7B68A70504-4935-52F0-47F2-A38F765D595F%7D&AppID=UEEditor.Rocket.Release&AppVersion=4.15.0-3299760%2B%2B%2BUE4%2BRelease-4.15&UserID=d1e400e640ed942efc36d3ad47bcb68c%7C50a6020c681a420486ec2b408860cae7%7C782bc28d-3e1f-479b-947c-49f8c4ada764&AppEnvironment=datacollector-binary&UploadType=eteventstream] status=Processing
[2017.02.23-03.37.32:778][184]LogModuleManager: Shutting down and abandoning module SSL (34)
[2017.02.23-03.37.32:787][184]LogModuleManager: Shutting down and abandoning module AudioEditor (30)
[2017.02.23-03.37.32:788][184]LogModuleManager: Shutting down and abandoning module TextureCompressor (28)
[2017.02.23-03.37.32:788][184]LogModuleManager: Shutting down and abandoning module ShaderCore (26)
[2017.02.23-03.37.32:788][184]LogModuleManager: Shutting down and abandoning module Landscape (24)
[2017.02.23-03.37.32:788][184]LogModuleManager: Shutting down and abandoning module SlateRHIRenderer (22)
[2017.02.23-03.37.32:806][184]LogModuleManager: Shutting down and abandoning module OpenGLDrv (20)
[2017.02.23-03.37.32:811][184]LogModuleManager: Shutting down and abandoning module D3D11RHI (18)
[2017.02.23-03.37.32:811][184]LogModuleManager: Shutting down and abandoning module AnimGraphRuntime (16)
[2017.02.23-03.37.32:825][184]LogModuleManager: Shutting down and abandoning module Renderer (14)
[2017.02.23-03.37.32:825][184]LogModuleManager: Shutting down and abandoning module Engine (12)
[2017.02.23-03.37.32:825][184]LogModuleManager: Shutting down and abandoning module CoreUObject (10)
[2017.02.23-03.37.32:825][184]LogModuleManager: Shutting down and abandoning module NetworkFile (8)
[2017.02.23-03.37.32:825][184]LogModuleManager: Shutting down and abandoning module StreamingFile (6)
[2017.02.23-03.37.32:825][184]LogModuleManager: Shutting down and abandoning module SandboxFile (4)
[2017.02.23-03.37.32:825][184]LogModuleManager: Shutting down and abandoning module PakFile (2)
[2017.02.23-03.37.32:839][184]LogExit: Exiting.
[2017.02.23-03.37.32:840][184]Log file closed, 02/23/17 12:37:32
